ARM GAS  C:\Users\LIUX\AppData\Local\Temp\cc1ZXEZD.s 			page 1


   1              		.syntax unified
   2              		.cpu cortex-m3
   3              		.fpu softvfp
   4              		.eabi_attribute 20, 1
   5              		.eabi_attribute 21, 1
   6              		.eabi_attribute 23, 3
   7              		.eabi_attribute 24, 1
   8              		.eabi_attribute 25, 1
   9              		.eabi_attribute 26, 1
  10              		.eabi_attribute 30, 1
  11              		.eabi_attribute 34, 1
  12              		.eabi_attribute 18, 4
  13              		.thumb
  14              		.syntax unified
  15              		.file	"cymetadata.c"
  16              		.text
  17              	.Ltext0:
  18              		.cfi_sections	.debug_frame
  19              		.global	cy_metadata
  20              		.global	cy_meta_flashprotect
  21              		.global	cy_meta_wonvl
  22              		.global	cy_meta_custnvl
  23              		.global	cy_meta_configecc
  24              		.section	.cyconfigecc,"a",%progbits
  25              		.align	2
  26              		.type	cy_meta_configecc, %object
  27              		.size	cy_meta_configecc, 896
  28              	cy_meta_configecc:
  29 0000 03       		.byte	3
  30 0001 65       		.byte	101
  31 0002 00       		.byte	0
  32 0003 40       		.byte	64
  33 0004 03       		.byte	3
  34 0005 15       		.byte	21
  35 0006 01       		.byte	1
  36 0007 40       		.byte	64
  37 0008 01       		.byte	1
  38 0009 17       		.byte	23
  39 000a 01       		.byte	1
  40 000b 40       		.byte	64
  41 000c 14       		.byte	20
  42 000d 18       		.byte	24
  43 000e 01       		.byte	1
  44 000f 40       		.byte	64
  45 0010 45       		.byte	69
  46 0011 19       		.byte	25
  47 0012 01       		.byte	1
  48 0013 40       		.byte	64
  49 0014 70       		.byte	112
  50 0015 1A       		.byte	26
  51 0016 01       		.byte	1
  52 0017 40       		.byte	64
  53 0018 56       		.byte	86
  54 0019 1B       		.byte	27
  55 001a 01       		.byte	1
  56 001b 40       		.byte	64
  57 001c 02       		.byte	2
ARM GAS  C:\Users\LIUX\AppData\Local\Temp\cc1ZXEZD.s 			page 2


  58 001d 42       		.byte	66
  59 001e 01       		.byte	1
  60 001f 40       		.byte	64
  61 0020 01       		.byte	1
  62 0021 43       		.byte	67
  63 0022 01       		.byte	1
  64 0023 40       		.byte	64
  65 0024 03       		.byte	3
  66 0025 48       		.byte	72
  67 0026 01       		.byte	1
  68 0027 40       		.byte	64
  69 0028 10       		.byte	16
  70 0029 49       		.byte	73
  71 002a 01       		.byte	1
  72 002b 40       		.byte	64
  73 002c 09       		.byte	9
  74 002d 4C       		.byte	76
  75 002e 01       		.byte	1
  76 002f 40       		.byte	64
  77 0030 0C       		.byte	12
  78 0031 4D       		.byte	77
  79 0032 01       		.byte	1
  80 0033 40       		.byte	64
  81 0034 02       		.byte	2
  82 0035 50       		.byte	80
  83 0036 01       		.byte	1
  84 0037 40       		.byte	64
  85 0038 01       		.byte	1
  86 0039 51       		.byte	81
  87 003a 01       		.byte	1
  88 003b 40       		.byte	64
  89 003c 88       		.byte	-120
  90 003d 72       		.byte	114
  91 003e 89       		.byte	-119
  92 003f 38       		.byte	56
  93 0040 8B       		.byte	-117
  94 0041 0F       		.byte	15
  95 0042 E0       		.byte	-32
  96 0043 08       		.byte	8
  97 0044 E4       		.byte	-28
  98 0045 01       		.byte	1
  99 0046 EA       		.byte	-22
 100 0047 05       		.byte	5
 101 0048 E2       		.byte	-30
 102 0049 04       		.byte	4
 103 004a 86       		.byte	-122
 104 004b 02       		.byte	2
 105 004c 88       		.byte	-120
 106 004d 04       		.byte	4
 107 004e 95       		.byte	-107
 108 004f 01       		.byte	1
 109 0050 9A       		.byte	-102
 110 0051 08       		.byte	8
 111 0052 A2       		.byte	-94
 112 0053 02       		.byte	2
 113 0054 A4       		.byte	-92
 114 0055 01       		.byte	1
ARM GAS  C:\Users\LIUX\AppData\Local\Temp\cc1ZXEZD.s 			page 3


 115 0056 A8       		.byte	-88
 116 0057 01       		.byte	1
 117 0058 AC       		.byte	-84
 118 0059 01       		.byte	1
 119 005a B0       		.byte	-80
 120 005b 02       		.byte	2
 121 005c B2       		.byte	-78
 122 005d 08       		.byte	8
 123 005e B4       		.byte	-76
 124 005f 01       		.byte	1
 125 0060 B5       		.byte	-75
 126 0061 01       		.byte	1
 127 0062 B6       		.byte	-74
 128 0063 04       		.byte	4
 129 0064 BE       		.byte	-66
 130 0065 41       		.byte	65
 131 0066 BF       		.byte	-65
 132 0067 10       		.byte	16
 133 0068 D4       		.byte	-44
 134 0069 18       		.byte	24
 135 006a D8       		.byte	-40
 136 006b 04       		.byte	4
 137 006c D9       		.byte	-39
 138 006d 04       		.byte	4
 139 006e DB       		.byte	-37
 140 006f 04       		.byte	4
 141 0070 DF       		.byte	-33
 142 0071 01       		.byte	1
 143 0072 01       		.byte	1
 144 0073 20       		.byte	32
 145 0074 02       		.byte	2
 146 0075 20       		.byte	32
 147 0076 05       		.byte	5
 148 0077 01       		.byte	1
 149 0078 06       		.byte	6
 150 0079 06       		.byte	6
 151 007a 07       		.byte	7
 152 007b 10       		.byte	16
 153 007c 08       		.byte	8
 154 007d 20       		.byte	32
 155 007e 0C       		.byte	12
 156 007f 40       		.byte	64
 157 0080 0E       		.byte	14
 158 0081 0A       		.byte	10
 159 0082 0F       		.byte	15
 160 0083 20       		.byte	32
 161 0084 10       		.byte	16
 162 0085 A2       		.byte	-94
 163 0086 11       		.byte	17
 164 0087 10       		.byte	16
 165 0088 14       		.byte	20
 166 0089 80       		.byte	-128
 167 008a 16       		.byte	22
 168 008b 01       		.byte	1
 169 008c 17       		.byte	23
 170 008d 28       		.byte	40
 171 008e 19       		.byte	25
ARM GAS  C:\Users\LIUX\AppData\Local\Temp\cc1ZXEZD.s 			page 4


 172 008f 08       		.byte	8
 173 0090 1A       		.byte	26
 174 0091 01       		.byte	1
 175 0092 1B       		.byte	27
 176 0093 11       		.byte	17
 177 0094 1C       		.byte	28
 178 0095 10       		.byte	16
 179 0096 1D       		.byte	29
 180 0097 21       		.byte	33
 181 0098 1E       		.byte	30
 182 0099 0A       		.byte	10
 183 009a 1F       		.byte	31
 184 009b 02       		.byte	2
 185 009c 23       		.byte	35
 186 009d 04       		.byte	4
 187 009e 26       		.byte	38
 188 009f 20       		.byte	32
 189 00a0 27       		.byte	39
 190 00a1 11       		.byte	17
 191 00a2 2D       		.byte	45
 192 00a3 08       		.byte	8
 193 00a4 2E       		.byte	46
 194 00a5 02       		.byte	2
 195 00a6 2F       		.byte	47
 196 00a7 05       		.byte	5
 197 00a8 30       		.byte	48
 198 00a9 08       		.byte	8
 199 00aa 34       		.byte	52
 200 00ab 80       		.byte	-128
 201 00ac 35       		.byte	53
 202 00ad 05       		.byte	5
 203 00ae 37       		.byte	55
 204 00af 10       		.byte	16
 205 00b0 3A       		.byte	58
 206 00b1 05       		.byte	5
 207 00b2 3B       		.byte	59
 208 00b3 09       		.byte	9
 209 00b4 3E       		.byte	62
 210 00b5 88       		.byte	-120
 211 00b6 3F       		.byte	63
 212 00b7 21       		.byte	33
 213 00b8 44       		.byte	68
 214 00b9 40       		.byte	64
 215 00ba 45       		.byte	69
 216 00bb 20       		.byte	32
 217 00bc 46       		.byte	70
 218 00bd 80       		.byte	-128
 219 00be 47       		.byte	71
 220 00bf 40       		.byte	64
 221 00c0 4C       		.byte	76
 222 00c1 80       		.byte	-128
 223 00c2 4F       		.byte	79
 224 00c3 60       		.byte	96
 225 00c4 57       		.byte	87
 226 00c5 40       		.byte	64
 227 00c6 5B       		.byte	91
 228 00c7 01       		.byte	1
ARM GAS  C:\Users\LIUX\AppData\Local\Temp\cc1ZXEZD.s 			page 5


 229 00c8 5C       		.byte	92
 230 00c9 10       		.byte	16
 231 00ca 60       		.byte	96
 232 00cb 04       		.byte	4
 233 00cc 63       		.byte	99
 234 00cd 02       		.byte	2
 235 00ce 6C       		.byte	108
 236 00cf 22       		.byte	34
 237 00d0 6D       		.byte	109
 238 00d1 10       		.byte	16
 239 00d2 6E       		.byte	110
 240 00d3 04       		.byte	4
 241 00d4 75       		.byte	117
 242 00d5 04       		.byte	4
 243 00d6 76       		.byte	118
 244 00d7 09       		.byte	9
 245 00d8 77       		.byte	119
 246 00d9 28       		.byte	40
 247 00da 86       		.byte	-122
 248 00db 01       		.byte	1
 249 00dc 8A       		.byte	-118
 250 00dd 20       		.byte	32
 251 00de 8B       		.byte	-117
 252 00df 40       		.byte	64
 253 00e0 8E       		.byte	-114
 254 00e1 04       		.byte	4
 255 00e2 8F       		.byte	-113
 256 00e3 01       		.byte	1
 257 00e4 C0       		.byte	-64
 258 00e5 F6       		.byte	-10
 259 00e6 C2       		.byte	-62
 260 00e7 E2       		.byte	-30
 261 00e8 C4       		.byte	-60
 262 00e9 FF       		.byte	-1
 263 00ea CA       		.byte	-54
 264 00eb F0       		.byte	-16
 265 00ec CC       		.byte	-52
 266 00ed F2       		.byte	-14
 267 00ee CE       		.byte	-50
 268 00ef F0       		.byte	-16
 269 00f0 D0       		.byte	-48
 270 00f1 B0       		.byte	-80
 271 00f2 D2       		.byte	-46
 272 00f3 30       		.byte	48
 273 00f4 D6       		.byte	-42
 274 00f5 21       		.byte	33
 275 00f6 D8       		.byte	-40
 276 00f7 0C       		.byte	12
 277 00f8 E0       		.byte	-32
 278 00f9 08       		.byte	8
 279 00fa E2       		.byte	-30
 280 00fb 04       		.byte	4
 281 00fc 00       		.byte	0
 282 00fd 0C       		.byte	12
 283 00fe 02       		.byte	2
 284 00ff 71       		.byte	113
 285 0100 05       		.byte	5
ARM GAS  C:\Users\LIUX\AppData\Local\Temp\cc1ZXEZD.s 			page 6


 286 0101 80       		.byte	-128
 287 0102 06       		.byte	6
 288 0103 03       		.byte	3
 289 0104 07       		.byte	7
 290 0105 13       		.byte	19
 291 0106 0F       		.byte	15
 292 0107 0C       		.byte	12
 293 0108 10       		.byte	16
 294 0109 09       		.byte	9
 295 010a 12       		.byte	18
 296 010b D0       		.byte	-48
 297 010c 14       		.byte	20
 298 010d 14       		.byte	20
 299 010e 15       		.byte	21
 300 010f 2C       		.byte	44
 301 0110 17       		.byte	23
 302 0111 43       		.byte	67
 303 0112 18       		.byte	24
 304 0113 10       		.byte	16
 305 0114 19       		.byte	25
 306 0115 71       		.byte	113
 307 0116 1A       		.byte	26
 308 0117 AC       		.byte	-84
 309 0118 1B       		.byte	27
 310 0119 06       		.byte	6
 311 011a 1F       		.byte	31
 312 011b 08       		.byte	8
 313 011c 20       		.byte	32
 314 011d 10       		.byte	16
 315 011e 21       		.byte	33
 316 011f 71       		.byte	113
 317 0120 22       		.byte	34
 318 0121 40       		.byte	64
 319 0122 23       		.byte	35
 320 0123 0E       		.byte	14
 321 0124 26       		.byte	38
 322 0125 20       		.byte	32
 323 0126 28       		.byte	40
 324 0127 DC       		.byte	-36
 325 0128 2A       		.byte	42
 326 0129 22       		.byte	34
 327 012a 30       		.byte	48
 328 012b E0       		.byte	-32
 329 012c 31       		.byte	49
 330 012d C0       		.byte	-64
 331 012e 33       		.byte	51
 332 012f 0F       		.byte	15
 333 0130 34       		.byte	52
 334 0131 1F       		.byte	31
 335 0132 35       		.byte	53
 336 0133 30       		.byte	48
 337 0134 39       		.byte	57
 338 0135 22       		.byte	34
 339 0136 3A       		.byte	58
 340 0137 02       		.byte	2
 341 0138 3B       		.byte	59
 342 0139 08       		.byte	8
ARM GAS  C:\Users\LIUX\AppData\Local\Temp\cc1ZXEZD.s 			page 7


 343 013a 3F       		.byte	63
 344 013b 10       		.byte	16
 345 013c 40       		.byte	64
 346 013d 02       		.byte	2
 347 013e 46       		.byte	70
 348 013f 04       		.byte	4
 349 0140 49       		.byte	73
 350 0141 FF       		.byte	-1
 351 0142 4A       		.byte	74
 352 0143 07       		.byte	7
 353 0144 4B       		.byte	75
 354 0145 FF       		.byte	-1
 355 0146 4C       		.byte	76
 356 0147 40       		.byte	64
 357 0148 4D       		.byte	77
 358 0149 20       		.byte	32
 359 014a 4E       		.byte	78
 360 014b F0       		.byte	-16
 361 014c 4F       		.byte	79
 362 014d 05       		.byte	5
 363 014e 50       		.byte	80
 364 014f 08       		.byte	8
 365 0150 58       		.byte	88
 366 0151 04       		.byte	4
 367 0152 59       		.byte	89
 368 0153 04       		.byte	4
 369 0154 5A       		.byte	90
 370 0155 04       		.byte	4
 371 0156 5F       		.byte	95
 372 0157 01       		.byte	1
 373 0158 60       		.byte	96
 374 0159 40       		.byte	64
 375 015a 61       		.byte	97
 376 015b A8       		.byte	-88
 377 015c 62       		.byte	98
 378 015d 40       		.byte	64
 379 015e 63       		.byte	99
 380 015f 20       		.byte	32
 381 0160 80       		.byte	-128
 382 0161 13       		.byte	19
 383 0162 81       		.byte	-127
 384 0163 08       		.byte	8
 385 0164 82       		.byte	-126
 386 0165 04       		.byte	4
 387 0166 83       		.byte	-125
 388 0167 14       		.byte	20
 389 0168 84       		.byte	-124
 390 0169 20       		.byte	32
 391 016a 86       		.byte	-122
 392 016b C0       		.byte	-64
 393 016c 87       		.byte	-121
 394 016d 20       		.byte	32
 395 016e 88       		.byte	-120
 396 016f 13       		.byte	19
 397 0170 89       		.byte	-119
 398 0171 18       		.byte	24
 399 0172 8A       		.byte	-118
ARM GAS  C:\Users\LIUX\AppData\Local\Temp\cc1ZXEZD.s 			page 8


 400 0173 0C       		.byte	12
 401 0174 8F       		.byte	-113
 402 0175 20       		.byte	32
 403 0176 92       		.byte	-110
 404 0177 08       		.byte	8
 405 0178 94       		.byte	-108
 406 0179 0A       		.byte	10
 407 017a 95       		.byte	-107
 408 017b 01       		.byte	1
 409 017c 96       		.byte	-106
 410 017d 14       		.byte	20
 411 017e 98       		.byte	-104
 412 017f E0       		.byte	-32
 413 0180 9B       		.byte	-101
 414 0181 01       		.byte	1
 415 0182 9C       		.byte	-100
 416 0183 03       		.byte	3
 417 0184 9D       		.byte	-99
 418 0185 10       		.byte	16
 419 0186 9E       		.byte	-98
 420 0187 14       		.byte	20
 421 0188 9F       		.byte	-97
 422 0189 0C       		.byte	12
 423 018a A0       		.byte	-96
 424 018b 80       		.byte	-128
 425 018c A1       		.byte	-95
 426 018d 01       		.byte	1
 427 018e A2       		.byte	-94
 428 018f 20       		.byte	32
 429 0190 A5       		.byte	-91
 430 0191 18       		.byte	24
 431 0192 A6       		.byte	-90
 432 0193 15       		.byte	21
 433 0194 A8       		.byte	-88
 434 0195 E0       		.byte	-32
 435 0196 AB       		.byte	-85
 436 0197 02       		.byte	2
 437 0198 AC       		.byte	-84
 438 0199 40       		.byte	64
 439 019a AE       		.byte	-82
 440 019b 20       		.byte	32
 441 019c AF       		.byte	-81
 442 019d 01       		.byte	1
 443 019e B0       		.byte	-80
 444 019f 10       		.byte	16
 445 01a0 B1       		.byte	-79
 446 01a1 06       		.byte	6
 447 01a2 B2       		.byte	-78
 448 01a3 E0       		.byte	-32
 449 01a4 B3       		.byte	-77
 450 01a5 01       		.byte	1
 451 01a6 B4       		.byte	-76
 452 01a7 0F       		.byte	15
 453 01a8 B5       		.byte	-75
 454 01a9 20       		.byte	32
 455 01aa B7       		.byte	-73
 456 01ab 18       		.byte	24
ARM GAS  C:\Users\LIUX\AppData\Local\Temp\cc1ZXEZD.s 			page 9


 457 01ac B9       		.byte	-71
 458 01ad 08       		.byte	8
 459 01ae BA       		.byte	-70
 460 01af 20       		.byte	32
 461 01b0 BE       		.byte	-66
 462 01b1 01       		.byte	1
 463 01b2 BF       		.byte	-65
 464 01b3 11       		.byte	17
 465 01b4 C0       		.byte	-64
 466 01b5 36       		.byte	54
 467 01b6 C1       		.byte	-63
 468 01b7 01       		.byte	1
 469 01b8 C5       		.byte	-59
 470 01b9 0B       		.byte	11
 471 01ba C7       		.byte	-57
 472 01bb CE       		.byte	-50
 473 01bc C8       		.byte	-56
 474 01bd 31       		.byte	49
 475 01be C9       		.byte	-55
 476 01bf FF       		.byte	-1
 477 01c0 CA       		.byte	-54
 478 01c1 FF       		.byte	-1
 479 01c2 CB       		.byte	-53
 480 01c3 FF       		.byte	-1
 481 01c4 CE       		.byte	-50
 482 01c5 F0       		.byte	-16
 483 01c6 CF       		.byte	-49
 484 01c7 44       		.byte	68
 485 01c8 D0       		.byte	-48
 486 01c9 0C       		.byte	12
 487 01ca D4       		.byte	-44
 488 01cb 01       		.byte	1
 489 01cc D8       		.byte	-40
 490 01cd 04       		.byte	4
 491 01ce D9       		.byte	-39
 492 01cf 04       		.byte	4
 493 01d0 DA       		.byte	-38
 494 01d1 04       		.byte	4
 495 01d2 DB       		.byte	-37
 496 01d3 04       		.byte	4
 497 01d4 DF       		.byte	-33
 498 01d5 01       		.byte	1
 499 01d6 E6       		.byte	-26
 500 01d7 C0       		.byte	-64
 501 01d8 EA       		.byte	-22
 502 01d9 40       		.byte	64
 503 01da EB       		.byte	-21
 504 01db 02       		.byte	2
 505 01dc 01       		.byte	1
 506 01dd 02       		.byte	2
 507 01de 03       		.byte	3
 508 01df 20       		.byte	32
 509 01e0 05       		.byte	5
 510 01e1 16       		.byte	22
 511 01e2 08       		.byte	8
 512 01e3 10       		.byte	16
 513 01e4 0A       		.byte	10
ARM GAS  C:\Users\LIUX\AppData\Local\Temp\cc1ZXEZD.s 			page 10


 514 01e5 20       		.byte	32
 515 01e6 0B       		.byte	11
 516 01e7 40       		.byte	64
 517 01e8 0D       		.byte	13
 518 01e9 08       		.byte	8
 519 01ea 0E       		.byte	14
 520 01eb 04       		.byte	4
 521 01ec 0F       		.byte	15
 522 01ed 42       		.byte	66
 523 01ee 10       		.byte	16
 524 01ef 80       		.byte	-128
 525 01f0 11       		.byte	17
 526 01f1 04       		.byte	4
 527 01f2 12       		.byte	18
 528 01f3 08       		.byte	8
 529 01f4 14       		.byte	20
 530 01f5 80       		.byte	-128
 531 01f6 15       		.byte	21
 532 01f7 14       		.byte	20
 533 01f8 16       		.byte	22
 534 01f9 02       		.byte	2
 535 01fa 19       		.byte	25
 536 01fb 22       		.byte	34
 537 01fc 1B       		.byte	27
 538 01fd 20       		.byte	32
 539 01fe 1D       		.byte	29
 540 01ff 14       		.byte	20
 541 0200 1E       		.byte	30
 542 0201 40       		.byte	64
 543 0202 1F       		.byte	31
 544 0203 04       		.byte	4
 545 0204 21       		.byte	33
 546 0205 18       		.byte	24
 547 0206 22       		.byte	34
 548 0207 08       		.byte	8
 549 0208 23       		.byte	35
 550 0209 40       		.byte	64
 551 020a 24       		.byte	36
 552 020b 04       		.byte	4
 553 020c 25       		.byte	37
 554 020d 04       		.byte	4
 555 020e 26       		.byte	38
 556 020f 80       		.byte	-128
 557 0210 27       		.byte	39
 558 0211 40       		.byte	64
 559 0212 29       		.byte	41
 560 0213 02       		.byte	2
 561 0214 2A       		.byte	42
 562 0215 01       		.byte	1
 563 0216 2C       		.byte	44
 564 0217 40       		.byte	64
 565 0218 2E       		.byte	46
 566 0219 04       		.byte	4
 567 021a 2F       		.byte	47
 568 021b 06       		.byte	6
 569 021c 30       		.byte	48
 570 021d 90       		.byte	-112
ARM GAS  C:\Users\LIUX\AppData\Local\Temp\cc1ZXEZD.s 			page 11


 571 021e 31       		.byte	49
 572 021f 18       		.byte	24
 573 0220 34       		.byte	52
 574 0221 80       		.byte	-128
 575 0222 36       		.byte	54
 576 0223 84       		.byte	-124
 577 0224 37       		.byte	55
 578 0225 10       		.byte	16
 579 0226 38       		.byte	56
 580 0227 08       		.byte	8
 581 0228 39       		.byte	57
 582 0229 04       		.byte	4
 583 022a 3B       		.byte	59
 584 022b 40       		.byte	64
 585 022c 3D       		.byte	61
 586 022d 18       		.byte	24
 587 022e 3E       		.byte	62
 588 022f 02       		.byte	2
 589 0230 3F       		.byte	63
 590 0231 80       		.byte	-128
 591 0232 41       		.byte	65
 592 0233 10       		.byte	16
 593 0234 44       		.byte	68
 594 0235 10       		.byte	16
 595 0236 46       		.byte	70
 596 0237 01       		.byte	1
 597 0238 4C       		.byte	76
 598 0239 04       		.byte	4
 599 023a 4E       		.byte	78
 600 023b 10       		.byte	16
 601 023c 50       		.byte	80
 602 023d 84       		.byte	-124
 603 023e 54       		.byte	84
 604 023f 08       		.byte	8
 605 0240 55       		.byte	85
 606 0241 02       		.byte	2
 607 0242 57       		.byte	87
 608 0243 01       		.byte	1
 609 0244 5E       		.byte	94
 610 0245 40       		.byte	64
 611 0246 5F       		.byte	95
 612 0247 25       		.byte	37
 613 0248 88       		.byte	-120
 614 0249 20       		.byte	32
 615 024a 89       		.byte	-119
 616 024b 02       		.byte	2
 617 024c 8A       		.byte	-118
 618 024d 02       		.byte	2
 619 024e 8B       		.byte	-117
 620 024f 20       		.byte	32
 621 0250 8C       		.byte	-116
 622 0251 08       		.byte	8
 623 0252 8F       		.byte	-113
 624 0253 01       		.byte	1
 625 0254 91       		.byte	-111
 626 0255 10       		.byte	16
 627 0256 92       		.byte	-110
ARM GAS  C:\Users\LIUX\AppData\Local\Temp\cc1ZXEZD.s 			page 12


 628 0257 04       		.byte	4
 629 0258 93       		.byte	-109
 630 0259 04       		.byte	4
 631 025a 94       		.byte	-108
 632 025b 04       		.byte	4
 633 025c 97       		.byte	-105
 634 025d 08       		.byte	8
 635 025e 98       		.byte	-104
 636 025f 40       		.byte	64
 637 0260 9B       		.byte	-101
 638 0261 10       		.byte	16
 639 0262 9C       		.byte	-100
 640 0263 A0       		.byte	-96
 641 0264 9D       		.byte	-99
 642 0265 20       		.byte	32
 643 0266 9E       		.byte	-98
 644 0267 02       		.byte	2
 645 0268 9F       		.byte	-97
 646 0269 40       		.byte	64
 647 026a A2       		.byte	-94
 648 026b 04       		.byte	4
 649 026c A3       		.byte	-93
 650 026d 42       		.byte	66
 651 026e A4       		.byte	-92
 652 026f 08       		.byte	8
 653 0270 C0       		.byte	-64
 654 0271 7C       		.byte	124
 655 0272 C2       		.byte	-62
 656 0273 FE       		.byte	-2
 657 0274 C4       		.byte	-60
 658 0275 FE       		.byte	-2
 659 0276 CA       		.byte	-54
 660 0277 F1       		.byte	-15
 661 0278 CC       		.byte	-52
 662 0279 7E       		.byte	126
 663 027a CE       		.byte	-50
 664 027b FA       		.byte	-6
 665 027c D0       		.byte	-48
 666 027d 54       		.byte	84
 667 027e D2       		.byte	-46
 668 027f 20       		.byte	32
 669 0280 D6       		.byte	-42
 670 0281 F0       		.byte	-16
 671 0282 E0       		.byte	-32
 672 0283 08       		.byte	8
 673 0284 E4       		.byte	-28
 674 0285 01       		.byte	1
 675 0286 EA       		.byte	-22
 676 0287 05       		.byte	5
 677 0288 3E       		.byte	62
 678 0289 10       		.byte	16
 679 028a CE       		.byte	-50
 680 028b 20       		.byte	32
 681 028c 96       		.byte	-106
 682 028d 10       		.byte	16
 683 028e 82       		.byte	-126
 684 028f 20       		.byte	32
ARM GAS  C:\Users\LIUX\AppData\Local\Temp\cc1ZXEZD.s 			page 13


 685 0290 96       		.byte	-106
 686 0291 10       		.byte	16
 687 0292 E2       		.byte	-30
 688 0293 20       		.byte	32
 689 0294 12       		.byte	18
 690 0295 20       		.byte	32
 691 0296 16       		.byte	22
 692 0297 40       		.byte	64
 693 0298 72       		.byte	114
 694 0299 20       		.byte	32
 695 029a 77       		.byte	119
 696 029b 10       		.byte	16
 697 029c 82       		.byte	-126
 698 029d 20       		.byte	32
 699 029e 86       		.byte	-122
 700 029f 40       		.byte	64
 701 02a0 9A       		.byte	-102
 702 02a1 20       		.byte	32
 703 02a2 9B       		.byte	-101
 704 02a3 10       		.byte	16
 705 02a4 AA       		.byte	-86
 706 02a5 10       		.byte	16
 707 02a6 AB       		.byte	-85
 708 02a7 10       		.byte	16
 709 02a8 C4       		.byte	-60
 710 02a9 30       		.byte	48
 711 02aa DC       		.byte	-36
 712 02ab 80       		.byte	-128
 713 02ac DE       		.byte	-34
 714 02ad 20       		.byte	32
 715 02ae E0       		.byte	-32
 716 02af 10       		.byte	16
 717 02b0 E4       		.byte	-28
 718 02b1 80       		.byte	-128
 719 02b2 EA       		.byte	-22
 720 02b3 A0       		.byte	-96
 721 02b4 10       		.byte	16
 722 02b5 80       		.byte	-128
 723 02b6 13       		.byte	19
 724 02b7 20       		.byte	32
 725 02b8 17       		.byte	23
 726 02b9 08       		.byte	8
 727 02ba 7B       		.byte	123
 728 02bb 10       		.byte	16
 729 02bc 7F       		.byte	127
 730 02bd 40       		.byte	64
 731 02be 80       		.byte	-128
 732 02bf 80       		.byte	-128
 733 02c0 87       		.byte	-121
 734 02c1 10       		.byte	16
 735 02c2 C4       		.byte	-60
 736 02c3 0E       		.byte	14
 737 02c4 DE       		.byte	-34
 738 02c5 03       		.byte	3
 739 02c6 10       		.byte	16
 740 02c7 40       		.byte	64
 741 02c8 73       		.byte	115
ARM GAS  C:\Users\LIUX\AppData\Local\Temp\cc1ZXEZD.s 			page 14


 742 02c9 10       		.byte	16
 743 02ca 83       		.byte	-125
 744 02cb 10       		.byte	16
 745 02cc 87       		.byte	-121
 746 02cd 40       		.byte	64
 747 02ce 88       		.byte	-120
 748 02cf 40       		.byte	64
 749 02d0 93       		.byte	-109
 750 02d1 10       		.byte	16
 751 02d2 97       		.byte	-105
 752 02d3 80       		.byte	-128
 753 02d4 A7       		.byte	-89
 754 02d5 10       		.byte	16
 755 02d6 AB       		.byte	-85
 756 02d7 28       		.byte	40
 757 02d8 C4       		.byte	-60
 758 02d9 08       		.byte	8
 759 02da DC       		.byte	-36
 760 02db 01       		.byte	1
 761 02dc E2       		.byte	-30
 762 02dd 01       		.byte	1
 763 02de 10       		.byte	16
 764 02df 01       		.byte	1
 765 02e0 1C       		.byte	28
 766 02e1 01       		.byte	1
 767 02e2 03       		.byte	3
 768 02e3 C0       		.byte	-64
 769 02e4 02       		.byte	2
 770 02e5 80       		.byte	-128
 771 02e6 00       		.byte	0
 772 02e7 00       		.byte	0
 773 02e8 43       		.byte	67
 774 02e9 00       		.byte	0
 775 02ea 00       		.byte	0
 776 02eb 00       		.byte	0
 777 02ec 1F       		.byte	31
 778 02ed 10       		.byte	16
 779 02ee 20       		.byte	32
 780 02ef 00       		.byte	0
 781 02f0 1C       		.byte	28
 782 02f1 08       		.byte	8
 783 02f2 23       		.byte	35
 784 02f3 00       		.byte	0
 785 02f4 03       		.byte	3
 786 02f5 00       		.byte	0
 787 02f6 00       		.byte	0
 788 02f7 E3       		.byte	-29
 789 02f8 01       		.byte	1
 790 02f9 FF       		.byte	-1
 791 02fa 00       		.byte	0
 792 02fb 00       		.byte	0
 793 02fc 00       		.byte	0
 794 02fd 1C       		.byte	28
 795 02fe 00       		.byte	0
 796 02ff E1       		.byte	-31
 797 0300 00       		.byte	0
 798 0301 18       		.byte	24
ARM GAS  C:\Users\LIUX\AppData\Local\Temp\cc1ZXEZD.s 			page 15


 799 0302 23       		.byte	35
 800 0303 00       		.byte	0
 801 0304 33       		.byte	51
 802 0305 3C       		.byte	60
 803 0306 0C       		.byte	12
 804 0307 C2       		.byte	-62
 805 0308 3F       		.byte	63
 806 0309 80       		.byte	-128
 807 030a 00       		.byte	0
 808 030b 00       		.byte	0
 809 030c 02       		.byte	2
 810 030d 44       		.byte	68
 811 030e 00       		.byte	0
 812 030f 00       		.byte	0
 813 0310 04       		.byte	4
 814 0311 00       		.byte	0
 815 0312 00       		.byte	0
 816 0313 04       		.byte	4
 817 0314 0C       		.byte	12
 818 0315 C0       		.byte	-64
 819 0316 00       		.byte	0
 820 0317 00       		.byte	0
 821 0318 08       		.byte	8
 822 0319 E7       		.byte	-25
 823 031a 00       		.byte	0
 824 031b 18       		.byte	24
 825 031c 2C       		.byte	44
 826 031d 00       		.byte	0
 827 031e 10       		.byte	16
 828 031f 1F       		.byte	31
 829 0320 0F       		.byte	15
 830 0321 38       		.byte	56
 831 0322 00       		.byte	0
 832 0323 C0       		.byte	-64
 833 0324 00       		.byte	0
 834 0325 00       		.byte	0
 835 0326 A2       		.byte	-94
 836 0327 08       		.byte	8
 837 0328 00       		.byte	0
 838 0329 00       		.byte	0
 839 032a 04       		.byte	4
 840 032b 00       		.byte	0
 841 032c 26       		.byte	38
 842 032d 04       		.byte	4
 843 032e 05       		.byte	5
 844 032f 00       		.byte	0
 845 0330 01       		.byte	1
 846 0331 C0       		.byte	-64
 847 0332 0E       		.byte	14
 848 0333 00       		.byte	0
 849 0334 06       		.byte	6
 850 0335 FF       		.byte	-1
 851 0336 FF       		.byte	-1
 852 0337 FF       		.byte	-1
 853 0338 62       		.byte	98
 854 0339 A0       		.byte	-96
 855 033a F0       		.byte	-16
ARM GAS  C:\Users\LIUX\AppData\Local\Temp\cc1ZXEZD.s 			page 16


 856 033b 41       		.byte	65
 857 033c 0C       		.byte	12
 858 033d 00       		.byte	0
 859 033e 00       		.byte	0
 860 033f 00       		.byte	0
 861 0340 00       		.byte	0
 862 0341 00       		.byte	0
 863 0342 02       		.byte	2
 864 0343 11       		.byte	17
 865 0344 04       		.byte	4
 866 0345 04       		.byte	4
 867 0346 04       		.byte	4
 868 0347 04       		.byte	4
 869 0348 00       		.byte	0
 870 0349 00       		.byte	0
 871 034a 00       		.byte	0
 872 034b 01       		.byte	1
 873 034c 00       		.byte	0
 874 034d 00       		.byte	0
 875 034e 00       		.byte	0
 876 034f 00       		.byte	0
 877 0350 00       		.byte	0
 878 0351 00       		.byte	0
 879 0352 40       		.byte	64
 880 0353 02       		.byte	2
 881 0354 00       		.byte	0
 882 0355 10       		.byte	16
 883 0356 30       		.byte	48
 884 0357 10       		.byte	16
 885 0358 00       		.byte	0
 886 0359 10       		.byte	16
 887 035a 10       		.byte	16
 888 035b 12       		.byte	18
 889 035c 00       		.byte	0
 890 035d 00       		.byte	0
 891 035e 00       		.byte	0
 892 035f 00       		.byte	0
 893 0360 00       		.byte	0
 894 0361 00       		.byte	0
 895 0362 00       		.byte	0
 896 0363 00       		.byte	0
 897 0364 00       		.byte	0
 898 0365 00       		.byte	0
 899 0366 00       		.byte	0
 900 0367 00       		.byte	0
 901 0368 00       		.byte	0
 902 0369 00       		.byte	0
 903 036a 00       		.byte	0
 904 036b 00       		.byte	0
 905 036c 83       		.byte	-125
 906 036d 00       		.byte	0
 907 036e 40       		.byte	64
 908 036f 80       		.byte	-128
 909 0370 83       		.byte	-125
 910 0371 00       		.byte	0
 911 0372 83       		.byte	-125
 912 0373 00       		.byte	0
ARM GAS  C:\Users\LIUX\AppData\Local\Temp\cc1ZXEZD.s 			page 17


 913 0374 00       		.byte	0
 914 0375 00       		.byte	0
 915 0376 00       		.byte	0
 916 0377 00       		.byte	0
 917 0378 00       		.byte	0
 918 0379 0B       		.byte	11
 919 037a 0B       		.byte	11
 920 037b 00       		.byte	0
 921 037c 00       		.byte	0
 922 037d 00       		.byte	0
 923 037e 00       		.byte	0
 924 037f 00       		.byte	0
 925              		.section	.cywolatch,"a",%progbits
 926              		.align	2
 927              		.type	cy_meta_wonvl, %object
 928              		.size	cy_meta_wonvl, 4
 929              	cy_meta_wonvl:
 930 0000 BC       		.byte	-68
 931 0001 90       		.byte	-112
 932 0002 AC       		.byte	-84
 933 0003 AF       		.byte	-81
 934              		.section	.cycustnvl,"a",%progbits
 935              		.align	2
 936              		.type	cy_meta_custnvl, %object
 937              		.size	cy_meta_custnvl, 4
 938              	cy_meta_custnvl:
 939 0000 00       		.byte	0
 940 0001 00       		.byte	0
 941 0002 40       		.byte	64
 942 0003 05       		.byte	5
 943              		.section	.cymeta,"a",%progbits
 944              		.align	2
 945              		.type	cy_metadata, %object
 946              		.size	cy_metadata, 12
 947              	cy_metadata:
 948 0000 00       		.byte	0
 949 0001 01       		.byte	1
 950 0002 2E       		.byte	46
 951 0003 16       		.byte	22
 952 0004 10       		.byte	16
 953 0005 69       		.byte	105
 954 0006 00       		.byte	0
 955 0007 01       		.byte	1
 956 0008 00       		.byte	0
 957 0009 00       		.byte	0
 958 000a 00       		.byte	0
 959 000b 00       		.byte	0
 960              		.section	.cyflashprotect,"a",%progbits
 961              		.align	2
 962              		.type	cy_meta_flashprotect, %object
 963              		.size	cy_meta_flashprotect, 256
 964              	cy_meta_flashprotect:
 965 0000 00000000 		.space	256
 965      00000000 
 965      00000000 
 965      00000000 
 965      00000000 
ARM GAS  C:\Users\LIUX\AppData\Local\Temp\cc1ZXEZD.s 			page 18


 966              		.text
 967              	.Letext0:
 968              		.file 1 "c:\\program files\\cypress\\psoc creator\\4.3\\psoc creator\\import\\gnu\\arm\\5.4.1\\arm
 969              		.file 2 "c:\\program files\\cypress\\psoc creator\\4.3\\psoc creator\\import\\gnu\\arm\\5.4.1\\arm
 970              		.file 3 "Generated_Source\\PSoC5\\cymetadata.c"
 971              		.section	.debug_info,"",%progbits
 972              	.Ldebug_info0:
 973 0000 31010000 		.4byte	0x131
 974 0004 0400     		.2byte	0x4
 975 0006 00000000 		.4byte	.Ldebug_abbrev0
 976 000a 04       		.byte	0x4
 977 000b 01       		.uleb128 0x1
 978 000c 72000000 		.4byte	.LASF17
 979 0010 0C       		.byte	0xc
 980 0011 CC010000 		.4byte	.LASF18
 981 0015 0A000000 		.4byte	.LASF19
 982 0019 00000000 		.4byte	.Ldebug_line0
 983 001d 02       		.uleb128 0x2
 984 001e 01       		.byte	0x1
 985 001f 06       		.byte	0x6
 986 0020 C0010000 		.4byte	.LASF0
 987 0024 03       		.uleb128 0x3
 988 0025 00000000 		.4byte	.LASF9
 989 0029 01       		.byte	0x1
 990 002a 1D       		.byte	0x1d
 991 002b 2F000000 		.4byte	0x2f
 992 002f 02       		.uleb128 0x2
 993 0030 01       		.byte	0x1
 994 0031 08       		.byte	0x8
 995 0032 64000000 		.4byte	.LASF1
 996 0036 02       		.uleb128 0x2
 997 0037 02       		.byte	0x2
 998 0038 05       		.byte	0x5
 999 0039 AD010000 		.4byte	.LASF2
 1000 003d 02       		.uleb128 0x2
 1001 003e 02       		.byte	0x2
 1002 003f 07       		.byte	0x7
 1003 0040 12010000 		.4byte	.LASF3
 1004 0044 02       		.uleb128 0x2
 1005 0045 04       		.byte	0x4
 1006 0046 05       		.byte	0x5
 1007 0047 B7010000 		.4byte	.LASF4
 1008 004b 02       		.uleb128 0x2
 1009 004c 04       		.byte	0x4
 1010 004d 07       		.byte	0x7
 1011 004e 00010000 		.4byte	.LASF5
 1012 0052 02       		.uleb128 0x2
 1013 0053 08       		.byte	0x8
 1014 0054 05       		.byte	0x5
 1015 0055 9F010000 		.4byte	.LASF6
 1016 0059 02       		.uleb128 0x2
 1017 005a 08       		.byte	0x8
 1018 005b 07       		.byte	0x7
 1019 005c 54010000 		.4byte	.LASF7
 1020 0060 04       		.uleb128 0x4
 1021 0061 04       		.byte	0x4
 1022 0062 05       		.byte	0x5
ARM GAS  C:\Users\LIUX\AppData\Local\Temp\cc1ZXEZD.s 			page 19


 1023 0063 696E7400 		.ascii	"int\000"
 1024 0067 02       		.uleb128 0x2
 1025 0068 04       		.byte	0x4
 1026 0069 07       		.byte	0x7
 1027 006a 47010000 		.4byte	.LASF8
 1028 006e 03       		.uleb128 0x3
 1029 006f 6B010000 		.4byte	.LASF10
 1030 0073 02       		.byte	0x2
 1031 0074 18       		.byte	0x18
 1032 0075 24000000 		.4byte	0x24
 1033 0079 05       		.uleb128 0x5
 1034 007a 91000000 		.4byte	0x91
 1035 007e 8A000000 		.4byte	0x8a
 1036 0082 06       		.uleb128 0x6
 1037 0083 8A000000 		.4byte	0x8a
 1038 0087 7F03     		.2byte	0x37f
 1039 0089 00       		.byte	0
 1040 008a 02       		.uleb128 0x2
 1041 008b 04       		.byte	0x4
 1042 008c 07       		.byte	0x7
 1043 008d 96010000 		.4byte	.LASF11
 1044 0091 07       		.uleb128 0x7
 1045 0092 6E000000 		.4byte	0x6e
 1046 0096 08       		.uleb128 0x8
 1047 0097 35010000 		.4byte	.LASF12
 1048 009b 03       		.byte	0x3
 1049 009c 1F       		.byte	0x1f
 1050 009d A7000000 		.4byte	0xa7
 1051 00a1 05       		.uleb128 0x5
 1052 00a2 03       		.byte	0x3
 1053 00a3 00000000 		.4byte	cy_meta_configecc
 1054 00a7 07       		.uleb128 0x7
 1055 00a8 79000000 		.4byte	0x79
 1056 00ac 05       		.uleb128 0x5
 1057 00ad 91000000 		.4byte	0x91
 1058 00b1 BC000000 		.4byte	0xbc
 1059 00b5 09       		.uleb128 0x9
 1060 00b6 8A000000 		.4byte	0x8a
 1061 00ba 03       		.byte	0x3
 1062 00bb 00       		.byte	0
 1063 00bc 08       		.uleb128 0x8
 1064 00bd 25010000 		.4byte	.LASF13
 1065 00c1 03       		.byte	0x3
 1066 00c2 9C       		.byte	0x9c
 1067 00c3 CD000000 		.4byte	0xcd
 1068 00c7 05       		.uleb128 0x5
 1069 00c8 03       		.byte	0x3
 1070 00c9 00000000 		.4byte	cy_meta_custnvl
 1071 00cd 07       		.uleb128 0x7
 1072 00ce AC000000 		.4byte	0xac
 1073 00d2 08       		.uleb128 0x8
 1074 00d3 88010000 		.4byte	.LASF14
 1075 00d7 03       		.byte	0x3
 1076 00d8 AA       		.byte	0xaa
 1077 00d9 E3000000 		.4byte	0xe3
 1078 00dd 05       		.uleb128 0x5
 1079 00de 03       		.byte	0x3
ARM GAS  C:\Users\LIUX\AppData\Local\Temp\cc1ZXEZD.s 			page 20


 1080 00df 00000000 		.4byte	cy_meta_wonvl
 1081 00e3 07       		.uleb128 0x7
 1082 00e4 AC000000 		.4byte	0xac
 1083 00e8 05       		.uleb128 0x5
 1084 00e9 91000000 		.4byte	0x91
 1085 00ed F8000000 		.4byte	0xf8
 1086 00f1 09       		.uleb128 0x9
 1087 00f2 8A000000 		.4byte	0x8a
 1088 00f6 FF       		.byte	0xff
 1089 00f7 00       		.byte	0
 1090 00f8 08       		.uleb128 0x8
 1091 00f9 73010000 		.4byte	.LASF15
 1092 00fd 03       		.byte	0x3
 1093 00fe B8       		.byte	0xb8
 1094 00ff 09010000 		.4byte	0x109
 1095 0103 05       		.uleb128 0x5
 1096 0104 03       		.byte	0x3
 1097 0105 00000000 		.4byte	cy_meta_flashprotect
 1098 0109 07       		.uleb128 0x7
 1099 010a E8000000 		.4byte	0xe8
 1100 010e 05       		.uleb128 0x5
 1101 010f 91000000 		.4byte	0x91
 1102 0113 1E010000 		.4byte	0x11e
 1103 0117 09       		.uleb128 0x9
 1104 0118 8A000000 		.4byte	0x8a
 1105 011c 0B       		.byte	0xb
 1106 011d 00       		.byte	0
 1107 011e 08       		.uleb128 0x8
 1108 011f 58000000 		.4byte	.LASF16
 1109 0123 03       		.byte	0x3
 1110 0124 E5       		.byte	0xe5
 1111 0125 2F010000 		.4byte	0x12f
 1112 0129 05       		.uleb128 0x5
 1113 012a 03       		.byte	0x3
 1114 012b 00000000 		.4byte	cy_metadata
 1115 012f 07       		.uleb128 0x7
 1116 0130 0E010000 		.4byte	0x10e
 1117 0134 00       		.byte	0
 1118              		.section	.debug_abbrev,"",%progbits
 1119              	.Ldebug_abbrev0:
 1120 0000 01       		.uleb128 0x1
 1121 0001 11       		.uleb128 0x11
 1122 0002 01       		.byte	0x1
 1123 0003 25       		.uleb128 0x25
 1124 0004 0E       		.uleb128 0xe
 1125 0005 13       		.uleb128 0x13
 1126 0006 0B       		.uleb128 0xb
 1127 0007 03       		.uleb128 0x3
 1128 0008 0E       		.uleb128 0xe
 1129 0009 1B       		.uleb128 0x1b
 1130 000a 0E       		.uleb128 0xe
 1131 000b 10       		.uleb128 0x10
 1132 000c 17       		.uleb128 0x17
 1133 000d 00       		.byte	0
 1134 000e 00       		.byte	0
 1135 000f 02       		.uleb128 0x2
 1136 0010 24       		.uleb128 0x24
ARM GAS  C:\Users\LIUX\AppData\Local\Temp\cc1ZXEZD.s 			page 21


 1137 0011 00       		.byte	0
 1138 0012 0B       		.uleb128 0xb
 1139 0013 0B       		.uleb128 0xb
 1140 0014 3E       		.uleb128 0x3e
 1141 0015 0B       		.uleb128 0xb
 1142 0016 03       		.uleb128 0x3
 1143 0017 0E       		.uleb128 0xe
 1144 0018 00       		.byte	0
 1145 0019 00       		.byte	0
 1146 001a 03       		.uleb128 0x3
 1147 001b 16       		.uleb128 0x16
 1148 001c 00       		.byte	0
 1149 001d 03       		.uleb128 0x3
 1150 001e 0E       		.uleb128 0xe
 1151 001f 3A       		.uleb128 0x3a
 1152 0020 0B       		.uleb128 0xb
 1153 0021 3B       		.uleb128 0x3b
 1154 0022 0B       		.uleb128 0xb
 1155 0023 49       		.uleb128 0x49
 1156 0024 13       		.uleb128 0x13
 1157 0025 00       		.byte	0
 1158 0026 00       		.byte	0
 1159 0027 04       		.uleb128 0x4
 1160 0028 24       		.uleb128 0x24
 1161 0029 00       		.byte	0
 1162 002a 0B       		.uleb128 0xb
 1163 002b 0B       		.uleb128 0xb
 1164 002c 3E       		.uleb128 0x3e
 1165 002d 0B       		.uleb128 0xb
 1166 002e 03       		.uleb128 0x3
 1167 002f 08       		.uleb128 0x8
 1168 0030 00       		.byte	0
 1169 0031 00       		.byte	0
 1170 0032 05       		.uleb128 0x5
 1171 0033 01       		.uleb128 0x1
 1172 0034 01       		.byte	0x1
 1173 0035 49       		.uleb128 0x49
 1174 0036 13       		.uleb128 0x13
 1175 0037 01       		.uleb128 0x1
 1176 0038 13       		.uleb128 0x13
 1177 0039 00       		.byte	0
 1178 003a 00       		.byte	0
 1179 003b 06       		.uleb128 0x6
 1180 003c 21       		.uleb128 0x21
 1181 003d 00       		.byte	0
 1182 003e 49       		.uleb128 0x49
 1183 003f 13       		.uleb128 0x13
 1184 0040 2F       		.uleb128 0x2f
 1185 0041 05       		.uleb128 0x5
 1186 0042 00       		.byte	0
 1187 0043 00       		.byte	0
 1188 0044 07       		.uleb128 0x7
 1189 0045 26       		.uleb128 0x26
 1190 0046 00       		.byte	0
 1191 0047 49       		.uleb128 0x49
 1192 0048 13       		.uleb128 0x13
 1193 0049 00       		.byte	0
ARM GAS  C:\Users\LIUX\AppData\Local\Temp\cc1ZXEZD.s 			page 22


 1194 004a 00       		.byte	0
 1195 004b 08       		.uleb128 0x8
 1196 004c 34       		.uleb128 0x34
 1197 004d 00       		.byte	0
 1198 004e 03       		.uleb128 0x3
 1199 004f 0E       		.uleb128 0xe
 1200 0050 3A       		.uleb128 0x3a
 1201 0051 0B       		.uleb128 0xb
 1202 0052 3B       		.uleb128 0x3b
 1203 0053 0B       		.uleb128 0xb
 1204 0054 49       		.uleb128 0x49
 1205 0055 13       		.uleb128 0x13
 1206 0056 3F       		.uleb128 0x3f
 1207 0057 19       		.uleb128 0x19
 1208 0058 02       		.uleb128 0x2
 1209 0059 18       		.uleb128 0x18
 1210 005a 00       		.byte	0
 1211 005b 00       		.byte	0
 1212 005c 09       		.uleb128 0x9
 1213 005d 21       		.uleb128 0x21
 1214 005e 00       		.byte	0
 1215 005f 49       		.uleb128 0x49
 1216 0060 13       		.uleb128 0x13
 1217 0061 2F       		.uleb128 0x2f
 1218 0062 0B       		.uleb128 0xb
 1219 0063 00       		.byte	0
 1220 0064 00       		.byte	0
 1221 0065 00       		.byte	0
 1222              		.section	.debug_aranges,"",%progbits
 1223 0000 14000000 		.4byte	0x14
 1224 0004 0200     		.2byte	0x2
 1225 0006 00000000 		.4byte	.Ldebug_info0
 1226 000a 04       		.byte	0x4
 1227 000b 00       		.byte	0
 1228 000c 0000     		.2byte	0
 1229 000e 0000     		.2byte	0
 1230 0010 00000000 		.4byte	0
 1231 0014 00000000 		.4byte	0
 1232              		.section	.debug_line,"",%progbits
 1233              	.Ldebug_line0:
 1234 0000 31010000 		.section	.debug_str,"MS",%progbits,1
 1234      02002B01 
 1234      00000201 
 1234      FB0E0D00 
 1234      01010101 
 1235              	.LASF9:
 1236 0000 5F5F7569 		.ascii	"__uint8_t\000"
 1236      6E74385F 
 1236      7400
 1237              	.LASF19:
 1238 000a 433A5C55 		.ascii	"C:\\Users\\LIUX\\Documents\\PSoC Creator\\PSoC_03_o"
 1238      73657273 
 1238      5C4C4955 
 1238      585C446F 
 1238      63756D65 
 1239 0038 6C645C41 		.ascii	"ld\\AY1920_II_HW_05_PROJ_3.cydsn\000"
 1239      59313932 
ARM GAS  C:\Users\LIUX\AppData\Local\Temp\cc1ZXEZD.s 			page 23


 1239      305F4949 
 1239      5F48575F 
 1239      30355F50 
 1240              	.LASF16:
 1241 0058 63795F6D 		.ascii	"cy_metadata\000"
 1241      65746164 
 1241      61746100 
 1242              	.LASF1:
 1243 0064 756E7369 		.ascii	"unsigned char\000"
 1243      676E6564 
 1243      20636861 
 1243      7200
 1244              	.LASF17:
 1245 0072 474E5520 		.ascii	"GNU C11 5.4.1 20160609 (release) [ARM/embedded-5-br"
 1245      43313120 
 1245      352E342E 
 1245      31203230 
 1245      31363036 
 1246 00a5 616E6368 		.ascii	"anch revision 237715] -mcpu=cortex-m3 -mthumb -g -O"
 1246      20726576 
 1246      6973696F 
 1246      6E203233 
 1246      37373135 
 1247 00d8 67202D66 		.ascii	"g -ffunction-sections -ffat-lto-objects\000"
 1247      66756E63 
 1247      74696F6E 
 1247      2D736563 
 1247      74696F6E 
 1248              	.LASF5:
 1249 0100 6C6F6E67 		.ascii	"long unsigned int\000"
 1249      20756E73 
 1249      69676E65 
 1249      6420696E 
 1249      7400
 1250              	.LASF3:
 1251 0112 73686F72 		.ascii	"short unsigned int\000"
 1251      7420756E 
 1251      7369676E 
 1251      65642069 
 1251      6E7400
 1252              	.LASF13:
 1253 0125 63795F6D 		.ascii	"cy_meta_custnvl\000"
 1253      6574615F 
 1253      63757374 
 1253      6E766C00 
 1254              	.LASF12:
 1255 0135 63795F6D 		.ascii	"cy_meta_configecc\000"
 1255      6574615F 
 1255      636F6E66 
 1255      69676563 
 1255      6300
 1256              	.LASF8:
 1257 0147 756E7369 		.ascii	"unsigned int\000"
 1257      676E6564 
 1257      20696E74 
 1257      00
 1258              	.LASF7:
ARM GAS  C:\Users\LIUX\AppData\Local\Temp\cc1ZXEZD.s 			page 24


 1259 0154 6C6F6E67 		.ascii	"long long unsigned int\000"
 1259      206C6F6E 
 1259      6720756E 
 1259      7369676E 
 1259      65642069 
 1260              	.LASF10:
 1261 016b 75696E74 		.ascii	"uint8_t\000"
 1261      385F7400 
 1262              	.LASF15:
 1263 0173 63795F6D 		.ascii	"cy_meta_flashprotect\000"
 1263      6574615F 
 1263      666C6173 
 1263      6870726F 
 1263      74656374 
 1264              	.LASF14:
 1265 0188 63795F6D 		.ascii	"cy_meta_wonvl\000"
 1265      6574615F 
 1265      776F6E76 
 1265      6C00
 1266              	.LASF11:
 1267 0196 73697A65 		.ascii	"sizetype\000"
 1267      74797065 
 1267      00
 1268              	.LASF6:
 1269 019f 6C6F6E67 		.ascii	"long long int\000"
 1269      206C6F6E 
 1269      6720696E 
 1269      7400
 1270              	.LASF2:
 1271 01ad 73686F72 		.ascii	"short int\000"
 1271      7420696E 
 1271      7400
 1272              	.LASF4:
 1273 01b7 6C6F6E67 		.ascii	"long int\000"
 1273      20696E74 
 1273      00
 1274              	.LASF0:
 1275 01c0 7369676E 		.ascii	"signed char\000"
 1275      65642063 
 1275      68617200 
 1276              	.LASF18:
 1277 01cc 47656E65 		.ascii	"Generated_Source\\PSoC5\\cymetadata.c\000"
 1277      72617465 
 1277      645F536F 
 1277      75726365 
 1277      5C50536F 
 1278              		.ident	"GCC: (GNU Tools for ARM Embedded Processors) 5.4.1 20160609 (release) [ARM/embedded-5-bran
