ARM GAS  C:\Users\LIUX\AppData\Local\Temp\ccTaAInc.s 			page 1


   1              		.syntax unified
   2              		.cpu cortex-m3
   3              		.fpu softvfp
   4              		.eabi_attribute 20, 1
   5              		.eabi_attribute 21, 1
   6              		.eabi_attribute 23, 3
   7              		.eabi_attribute 24, 1
   8              		.eabi_attribute 25, 1
   9              		.eabi_attribute 26, 1
  10              		.eabi_attribute 30, 1
  11              		.eabi_attribute 34, 1
  12              		.eabi_attribute 18, 4
  13              		.thumb
  14              		.syntax unified
  15              		.file	"cymetadata.c"
  16              		.text
  17              	.Ltext0:
  18              		.cfi_sections	.debug_frame
  19              		.global	cy_metadata
  20              		.global	cy_meta_flashprotect
  21              		.global	cy_meta_wonvl
  22              		.global	cy_meta_custnvl
  23              		.global	cy_meta_configecc
  24              		.section	.cyconfigecc,"a",%progbits
  25              		.align	2
  26              		.type	cy_meta_configecc, %object
  27              		.size	cy_meta_configecc, 900
  28              	cy_meta_configecc:
  29 0000 03       		.byte	3
  30 0001 65       		.byte	101
  31 0002 00       		.byte	0
  32 0003 40       		.byte	64
  33 0004 03       		.byte	3
  34 0005 15       		.byte	21
  35 0006 01       		.byte	1
  36 0007 40       		.byte	64
  37 0008 01       		.byte	1
  38 0009 17       		.byte	23
  39 000a 01       		.byte	1
  40 000b 40       		.byte	64
  41 000c 14       		.byte	20
  42 000d 18       		.byte	24
  43 000e 01       		.byte	1
  44 000f 40       		.byte	64
  45 0010 45       		.byte	69
  46 0011 19       		.byte	25
  47 0012 01       		.byte	1
  48 0013 40       		.byte	64
  49 0014 71       		.byte	113
  50 0015 1A       		.byte	26
  51 0016 01       		.byte	1
  52 0017 40       		.byte	64
  53 0018 56       		.byte	86
  54 0019 1B       		.byte	27
  55 001a 01       		.byte	1
  56 001b 40       		.byte	64
  57 001c 02       		.byte	2
ARM GAS  C:\Users\LIUX\AppData\Local\Temp\ccTaAInc.s 			page 2


  58 001d 42       		.byte	66
  59 001e 01       		.byte	1
  60 001f 40       		.byte	64
  61 0020 01       		.byte	1
  62 0021 43       		.byte	67
  63 0022 01       		.byte	1
  64 0023 40       		.byte	64
  65 0024 03       		.byte	3
  66 0025 48       		.byte	72
  67 0026 01       		.byte	1
  68 0027 40       		.byte	64
  69 0028 10       		.byte	16
  70 0029 49       		.byte	73
  71 002a 01       		.byte	1
  72 002b 40       		.byte	64
  73 002c 09       		.byte	9
  74 002d 4C       		.byte	76
  75 002e 01       		.byte	1
  76 002f 40       		.byte	64
  77 0030 0D       		.byte	13
  78 0031 4D       		.byte	77
  79 0032 01       		.byte	1
  80 0033 40       		.byte	64
  81 0034 02       		.byte	2
  82 0035 50       		.byte	80
  83 0036 01       		.byte	1
  84 0037 40       		.byte	64
  85 0038 01       		.byte	1
  86 0039 51       		.byte	81
  87 003a 01       		.byte	1
  88 003b 40       		.byte	64
  89 003c 88       		.byte	-120
  90 003d 72       		.byte	114
  91 003e 89       		.byte	-119
  92 003f 38       		.byte	56
  93 0040 8B       		.byte	-117
  94 0041 0F       		.byte	15
  95 0042 E4       		.byte	-28
  96 0043 01       		.byte	1
  97 0044 E8       		.byte	-24
  98 0045 20       		.byte	32
  99 0046 EA       		.byte	-22
 100 0047 09       		.byte	9
 101 0048 E2       		.byte	-30
 102 0049 04       		.byte	4
 103 004a 82       		.byte	-126
 104 004b 08       		.byte	8
 105 004c 86       		.byte	-122
 106 004d 02       		.byte	2
 107 004e 95       		.byte	-107
 108 004f 01       		.byte	1
 109 0050 98       		.byte	-104
 110 0051 04       		.byte	4
 111 0052 A2       		.byte	-94
 112 0053 02       		.byte	2
 113 0054 A4       		.byte	-92
 114 0055 01       		.byte	1
ARM GAS  C:\Users\LIUX\AppData\Local\Temp\ccTaAInc.s 			page 3


 115 0056 A8       		.byte	-88
 116 0057 01       		.byte	1
 117 0058 AC       		.byte	-84
 118 0059 01       		.byte	1
 119 005a B0       		.byte	-80
 120 005b 02       		.byte	2
 121 005c B2       		.byte	-78
 122 005d 08       		.byte	8
 123 005e B4       		.byte	-76
 124 005f 01       		.byte	1
 125 0060 B5       		.byte	-75
 126 0061 01       		.byte	1
 127 0062 B6       		.byte	-74
 128 0063 04       		.byte	4
 129 0064 BE       		.byte	-66
 130 0065 41       		.byte	65
 131 0066 BF       		.byte	-65
 132 0067 10       		.byte	16
 133 0068 D4       		.byte	-44
 134 0069 18       		.byte	24
 135 006a D8       		.byte	-40
 136 006b 04       		.byte	4
 137 006c D9       		.byte	-39
 138 006d 04       		.byte	4
 139 006e DB       		.byte	-37
 140 006f 04       		.byte	4
 141 0070 DF       		.byte	-33
 142 0071 01       		.byte	1
 143 0072 02       		.byte	2
 144 0073 20       		.byte	32
 145 0074 03       		.byte	3
 146 0075 80       		.byte	-128
 147 0076 05       		.byte	5
 148 0077 21       		.byte	33
 149 0078 06       		.byte	6
 150 0079 01       		.byte	1
 151 007a 07       		.byte	7
 152 007b 10       		.byte	16
 153 007c 0A       		.byte	10
 154 007d 08       		.byte	8
 155 007e 0C       		.byte	12
 156 007f 40       		.byte	64
 157 0080 0E       		.byte	14
 158 0081 0A       		.byte	10
 159 0082 0F       		.byte	15
 160 0083 20       		.byte	32
 161 0084 10       		.byte	16
 162 0085 A2       		.byte	-94
 163 0086 11       		.byte	17
 164 0087 10       		.byte	16
 165 0088 14       		.byte	20
 166 0089 80       		.byte	-128
 167 008a 16       		.byte	22
 168 008b 02       		.byte	2
 169 008c 17       		.byte	23
 170 008d 24       		.byte	36
 171 008e 19       		.byte	25
ARM GAS  C:\Users\LIUX\AppData\Local\Temp\ccTaAInc.s 			page 4


 172 008f 08       		.byte	8
 173 0090 1A       		.byte	26
 174 0091 01       		.byte	1
 175 0092 1B       		.byte	27
 176 0093 11       		.byte	17
 177 0094 1C       		.byte	28
 178 0095 10       		.byte	16
 179 0096 1D       		.byte	29
 180 0097 21       		.byte	33
 181 0098 1E       		.byte	30
 182 0099 0A       		.byte	10
 183 009a 1F       		.byte	31
 184 009b 02       		.byte	2
 185 009c 23       		.byte	35
 186 009d 04       		.byte	4
 187 009e 26       		.byte	38
 188 009f 20       		.byte	32
 189 00a0 27       		.byte	39
 190 00a1 11       		.byte	17
 191 00a2 2D       		.byte	45
 192 00a3 28       		.byte	40
 193 00a4 2E       		.byte	46
 194 00a5 02       		.byte	2
 195 00a6 2F       		.byte	47
 196 00a7 09       		.byte	9
 197 00a8 30       		.byte	48
 198 00a9 08       		.byte	8
 199 00aa 34       		.byte	52
 200 00ab 80       		.byte	-128
 201 00ac 35       		.byte	53
 202 00ad 05       		.byte	5
 203 00ae 37       		.byte	55
 204 00af 10       		.byte	16
 205 00b0 3A       		.byte	58
 206 00b1 01       		.byte	1
 207 00b2 3B       		.byte	59
 208 00b3 01       		.byte	1
 209 00b4 3E       		.byte	62
 210 00b5 88       		.byte	-120
 211 00b6 3F       		.byte	63
 212 00b7 21       		.byte	33
 213 00b8 44       		.byte	68
 214 00b9 40       		.byte	64
 215 00ba 45       		.byte	69
 216 00bb 20       		.byte	32
 217 00bc 46       		.byte	70
 218 00bd 80       		.byte	-128
 219 00be 47       		.byte	71
 220 00bf 40       		.byte	64
 221 00c0 4C       		.byte	76
 222 00c1 80       		.byte	-128
 223 00c2 4F       		.byte	79
 224 00c3 60       		.byte	96
 225 00c4 54       		.byte	84
 226 00c5 40       		.byte	64
 227 00c6 5B       		.byte	91
 228 00c7 01       		.byte	1
ARM GAS  C:\Users\LIUX\AppData\Local\Temp\ccTaAInc.s 			page 5


 229 00c8 5C       		.byte	92
 230 00c9 10       		.byte	16
 231 00ca 60       		.byte	96
 232 00cb 04       		.byte	4
 233 00cc 63       		.byte	99
 234 00cd 02       		.byte	2
 235 00ce 6C       		.byte	108
 236 00cf 22       		.byte	34
 237 00d0 6D       		.byte	109
 238 00d1 10       		.byte	16
 239 00d2 6E       		.byte	110
 240 00d3 04       		.byte	4
 241 00d4 75       		.byte	117
 242 00d5 04       		.byte	4
 243 00d6 76       		.byte	118
 244 00d7 09       		.byte	9
 245 00d8 77       		.byte	119
 246 00d9 24       		.byte	36
 247 00da 86       		.byte	-122
 248 00db 01       		.byte	1
 249 00dc 8A       		.byte	-118
 250 00dd 20       		.byte	32
 251 00de 8B       		.byte	-117
 252 00df 40       		.byte	64
 253 00e0 8E       		.byte	-114
 254 00e1 04       		.byte	4
 255 00e2 8F       		.byte	-113
 256 00e3 01       		.byte	1
 257 00e4 C0       		.byte	-64
 258 00e5 FC       		.byte	-4
 259 00e6 C2       		.byte	-62
 260 00e7 E2       		.byte	-30
 261 00e8 C4       		.byte	-60
 262 00e9 FF       		.byte	-1
 263 00ea CA       		.byte	-54
 264 00eb F0       		.byte	-16
 265 00ec CC       		.byte	-52
 266 00ed F2       		.byte	-14
 267 00ee CE       		.byte	-50
 268 00ef F0       		.byte	-16
 269 00f0 D0       		.byte	-48
 270 00f1 B0       		.byte	-80
 271 00f2 D2       		.byte	-46
 272 00f3 30       		.byte	48
 273 00f4 D6       		.byte	-42
 274 00f5 21       		.byte	33
 275 00f6 D8       		.byte	-40
 276 00f7 0C       		.byte	12
 277 00f8 E0       		.byte	-32
 278 00f9 08       		.byte	8
 279 00fa E2       		.byte	-30
 280 00fb 04       		.byte	4
 281 00fc 00       		.byte	0
 282 00fd 09       		.byte	9
 283 00fe 02       		.byte	2
 284 00ff D0       		.byte	-48
 285 0100 05       		.byte	5
ARM GAS  C:\Users\LIUX\AppData\Local\Temp\ccTaAInc.s 			page 6


 286 0101 80       		.byte	-128
 287 0102 07       		.byte	7
 288 0103 13       		.byte	19
 289 0104 0C       		.byte	12
 290 0105 0C       		.byte	12
 291 0106 0E       		.byte	14
 292 0107 71       		.byte	113
 293 0108 0F       		.byte	15
 294 0109 0C       		.byte	12
 295 010a 14       		.byte	20
 296 010b 14       		.byte	20
 297 010c 15       		.byte	21
 298 010d 2C       		.byte	44
 299 010e 17       		.byte	23
 300 010f 43       		.byte	67
 301 0110 19       		.byte	25
 302 0111 71       		.byte	113
 303 0112 1A       		.byte	26
 304 0113 03       		.byte	3
 305 0114 1B       		.byte	27
 306 0115 06       		.byte	6
 307 0116 1C       		.byte	28
 308 0117 10       		.byte	16
 309 0118 1E       		.byte	30
 310 0119 AC       		.byte	-84
 311 011a 1F       		.byte	31
 312 011b 08       		.byte	8
 313 011c 20       		.byte	32
 314 011d 10       		.byte	16
 315 011e 21       		.byte	33
 316 011f 71       		.byte	113
 317 0120 22       		.byte	34
 318 0121 40       		.byte	64
 319 0122 23       		.byte	35
 320 0123 0E       		.byte	14
 321 0124 26       		.byte	38
 322 0125 20       		.byte	32
 323 0126 28       		.byte	40
 324 0127 DC       		.byte	-36
 325 0128 2A       		.byte	42
 326 0129 22       		.byte	34
 327 012a 30       		.byte	48
 328 012b E0       		.byte	-32
 329 012c 31       		.byte	49
 330 012d 30       		.byte	48
 331 012e 33       		.byte	51
 332 012f 0F       		.byte	15
 333 0130 34       		.byte	52
 334 0131 1F       		.byte	31
 335 0132 37       		.byte	55
 336 0133 C0       		.byte	-64
 337 0134 39       		.byte	57
 338 0135 82       		.byte	-126
 339 0136 3A       		.byte	58
 340 0137 02       		.byte	2
 341 0138 3B       		.byte	59
 342 0139 08       		.byte	8
ARM GAS  C:\Users\LIUX\AppData\Local\Temp\ccTaAInc.s 			page 7


 343 013a 3F       		.byte	63
 344 013b 01       		.byte	1
 345 013c 40       		.byte	64
 346 013d 04       		.byte	4
 347 013e 46       		.byte	70
 348 013f 04       		.byte	4
 349 0140 49       		.byte	73
 350 0141 FF       		.byte	-1
 351 0142 4A       		.byte	74
 352 0143 07       		.byte	7
 353 0144 4B       		.byte	75
 354 0145 FF       		.byte	-1
 355 0146 4C       		.byte	76
 356 0147 40       		.byte	64
 357 0148 4D       		.byte	77
 358 0149 20       		.byte	32
 359 014a 4E       		.byte	78
 360 014b F0       		.byte	-16
 361 014c 4F       		.byte	79
 362 014d 05       		.byte	5
 363 014e 50       		.byte	80
 364 014f 08       		.byte	8
 365 0150 58       		.byte	88
 366 0151 04       		.byte	4
 367 0152 59       		.byte	89
 368 0153 04       		.byte	4
 369 0154 5A       		.byte	90
 370 0155 04       		.byte	4
 371 0156 5F       		.byte	95
 372 0157 01       		.byte	1
 373 0158 60       		.byte	96
 374 0159 40       		.byte	64
 375 015a 61       		.byte	97
 376 015b A8       		.byte	-88
 377 015c 62       		.byte	98
 378 015d 40       		.byte	64
 379 015e 63       		.byte	99
 380 015f 20       		.byte	32
 381 0160 80       		.byte	-128
 382 0161 13       		.byte	19
 383 0162 81       		.byte	-127
 384 0163 08       		.byte	8
 385 0164 82       		.byte	-126
 386 0165 04       		.byte	4
 387 0166 83       		.byte	-125
 388 0167 14       		.byte	20
 389 0168 84       		.byte	-124
 390 0169 0A       		.byte	10
 391 016a 86       		.byte	-122
 392 016b 14       		.byte	20
 393 016c 87       		.byte	-121
 394 016d 20       		.byte	32
 395 016e 88       		.byte	-120
 396 016f 20       		.byte	32
 397 0170 89       		.byte	-119
 398 0171 18       		.byte	24
 399 0172 8A       		.byte	-118
ARM GAS  C:\Users\LIUX\AppData\Local\Temp\ccTaAInc.s 			page 8


 400 0173 C0       		.byte	-64
 401 0174 8C       		.byte	-116
 402 0175 80       		.byte	-128
 403 0176 8E       		.byte	-114
 404 0177 20       		.byte	32
 405 0178 8F       		.byte	-113
 406 0179 20       		.byte	32
 407 017a 94       		.byte	-108
 408 017b 40       		.byte	64
 409 017c 95       		.byte	-107
 410 017d 01       		.byte	1
 411 017e 96       		.byte	-106
 412 017f 20       		.byte	32
 413 0180 98       		.byte	-104
 414 0181 E0       		.byte	-32
 415 0182 9B       		.byte	-101
 416 0183 01       		.byte	1
 417 0184 9C       		.byte	-100
 418 0185 13       		.byte	19
 419 0186 9D       		.byte	-99
 420 0187 10       		.byte	16
 421 0188 9E       		.byte	-98
 422 0189 0C       		.byte	12
 423 018a 9F       		.byte	-97
 424 018b 0C       		.byte	12
 425 018c A0       		.byte	-96
 426 018d 03       		.byte	3
 427 018e A1       		.byte	-95
 428 018f 01       		.byte	1
 429 0190 A2       		.byte	-94
 430 0191 14       		.byte	20
 431 0192 A5       		.byte	-91
 432 0193 18       		.byte	24
 433 0194 A6       		.byte	-90
 434 0195 15       		.byte	21
 435 0196 A8       		.byte	-88
 436 0197 E0       		.byte	-32
 437 0198 AB       		.byte	-85
 438 0199 02       		.byte	2
 439 019a AE       		.byte	-82
 440 019b 08       		.byte	8
 441 019c AF       		.byte	-81
 442 019d 01       		.byte	1
 443 019e B0       		.byte	-80
 444 019f 10       		.byte	16
 445 01a0 B1       		.byte	-79
 446 01a1 06       		.byte	6
 447 01a2 B2       		.byte	-78
 448 01a3 E0       		.byte	-32
 449 01a4 B3       		.byte	-77
 450 01a5 01       		.byte	1
 451 01a6 B4       		.byte	-76
 452 01a7 0F       		.byte	15
 453 01a8 B5       		.byte	-75
 454 01a9 20       		.byte	32
 455 01aa B7       		.byte	-73
 456 01ab 18       		.byte	24
ARM GAS  C:\Users\LIUX\AppData\Local\Temp\ccTaAInc.s 			page 9


 457 01ac B9       		.byte	-71
 458 01ad 08       		.byte	8
 459 01ae BA       		.byte	-70
 460 01af 20       		.byte	32
 461 01b0 BE       		.byte	-66
 462 01b1 01       		.byte	1
 463 01b2 BF       		.byte	-65
 464 01b3 11       		.byte	17
 465 01b4 C0       		.byte	-64
 466 01b5 36       		.byte	54
 467 01b6 C1       		.byte	-63
 468 01b7 01       		.byte	1
 469 01b8 C5       		.byte	-59
 470 01b9 0B       		.byte	11
 471 01ba C6       		.byte	-58
 472 01bb 0C       		.byte	12
 473 01bc C7       		.byte	-57
 474 01bd 0E       		.byte	14
 475 01be C8       		.byte	-56
 476 01bf 15       		.byte	21
 477 01c0 C9       		.byte	-55
 478 01c1 FF       		.byte	-1
 479 01c2 CA       		.byte	-54
 480 01c3 FF       		.byte	-1
 481 01c4 CB       		.byte	-53
 482 01c5 FF       		.byte	-1
 483 01c6 CE       		.byte	-50
 484 01c7 F0       		.byte	-16
 485 01c8 CF       		.byte	-49
 486 01c9 44       		.byte	68
 487 01ca D0       		.byte	-48
 488 01cb 0C       		.byte	12
 489 01cc D4       		.byte	-44
 490 01cd 01       		.byte	1
 491 01ce D8       		.byte	-40
 492 01cf 04       		.byte	4
 493 01d0 D9       		.byte	-39
 494 01d1 04       		.byte	4
 495 01d2 DA       		.byte	-38
 496 01d3 04       		.byte	4
 497 01d4 DB       		.byte	-37
 498 01d5 04       		.byte	4
 499 01d6 DF       		.byte	-33
 500 01d7 01       		.byte	1
 501 01d8 E6       		.byte	-26
 502 01d9 C0       		.byte	-64
 503 01da EA       		.byte	-22
 504 01db 40       		.byte	64
 505 01dc EB       		.byte	-21
 506 01dd 02       		.byte	2
 507 01de 00       		.byte	0
 508 01df 02       		.byte	2
 509 01e0 02       		.byte	2
 510 01e1 01       		.byte	1
 511 01e2 05       		.byte	5
 512 01e3 22       		.byte	34
 513 01e4 07       		.byte	7
ARM GAS  C:\Users\LIUX\AppData\Local\Temp\ccTaAInc.s 			page 10


 514 01e5 21       		.byte	33
 515 01e6 09       		.byte	9
 516 01e7 80       		.byte	-128
 517 01e8 0A       		.byte	10
 518 01e9 28       		.byte	40
 519 01ea 0D       		.byte	13
 520 01eb 80       		.byte	-128
 521 01ec 0E       		.byte	14
 522 01ed 24       		.byte	36
 523 01ee 10       		.byte	16
 524 01ef 80       		.byte	-128
 525 01f0 11       		.byte	17
 526 01f1 04       		.byte	4
 527 01f2 13       		.byte	19
 528 01f3 20       		.byte	32
 529 01f4 15       		.byte	21
 530 01f5 94       		.byte	-108
 531 01f6 16       		.byte	22
 532 01f7 40       		.byte	64
 533 01f8 19       		.byte	25
 534 01f9 02       		.byte	2
 535 01fa 1A       		.byte	26
 536 01fb 08       		.byte	8
 537 01fc 1D       		.byte	29
 538 01fd 10       		.byte	16
 539 01fe 1E       		.byte	30
 540 01ff 40       		.byte	64
 541 0200 1F       		.byte	31
 542 0201 08       		.byte	8
 543 0202 20       		.byte	32
 544 0203 42       		.byte	66
 545 0204 21       		.byte	33
 546 0205 48       		.byte	72
 547 0206 23       		.byte	35
 548 0207 20       		.byte	32
 549 0208 24       		.byte	36
 550 0209 04       		.byte	4
 551 020a 25       		.byte	37
 552 020b 04       		.byte	4
 553 020c 26       		.byte	38
 554 020d 80       		.byte	-128
 555 020e 27       		.byte	39
 556 020f 41       		.byte	65
 557 0210 29       		.byte	41
 558 0211 02       		.byte	2
 559 0212 2A       		.byte	42
 560 0213 01       		.byte	1
 561 0214 2C       		.byte	44
 562 0215 40       		.byte	64
 563 0216 2D       		.byte	45
 564 0217 20       		.byte	32
 565 0218 2E       		.byte	46
 566 0219 04       		.byte	4
 567 021a 2F       		.byte	47
 568 021b 0A       		.byte	10
 569 021c 30       		.byte	48
 570 021d 90       		.byte	-112
ARM GAS  C:\Users\LIUX\AppData\Local\Temp\ccTaAInc.s 			page 11


 571 021e 31       		.byte	49
 572 021f 18       		.byte	24
 573 0220 34       		.byte	52
 574 0221 80       		.byte	-128
 575 0222 36       		.byte	54
 576 0223 84       		.byte	-124
 577 0224 37       		.byte	55
 578 0225 10       		.byte	16
 579 0226 38       		.byte	56
 580 0227 08       		.byte	8
 581 0228 39       		.byte	57
 582 0229 84       		.byte	-124
 583 022a 3C       		.byte	60
 584 022b 80       		.byte	-128
 585 022c 3D       		.byte	61
 586 022d 18       		.byte	24
 587 022e 3E       		.byte	62
 588 022f 02       		.byte	2
 589 0230 40       		.byte	64
 590 0231 40       		.byte	64
 591 0232 44       		.byte	68
 592 0233 10       		.byte	16
 593 0234 46       		.byte	70
 594 0235 01       		.byte	1
 595 0236 4C       		.byte	76
 596 0237 04       		.byte	4
 597 0238 4E       		.byte	78
 598 0239 10       		.byte	16
 599 023a 50       		.byte	80
 600 023b 84       		.byte	-124
 601 023c 54       		.byte	84
 602 023d 08       		.byte	8
 603 023e 56       		.byte	86
 604 023f 40       		.byte	64
 605 0240 5E       		.byte	94
 606 0241 40       		.byte	64
 607 0242 5F       		.byte	95
 608 0243 15       		.byte	21
 609 0244 84       		.byte	-124
 610 0245 10       		.byte	16
 611 0246 85       		.byte	-123
 612 0247 80       		.byte	-128
 613 0248 86       		.byte	-122
 614 0249 40       		.byte	64
 615 024a 87       		.byte	-121
 616 024b 10       		.byte	16
 617 024c 8A       		.byte	-118
 618 024d 12       		.byte	18
 619 024e 8B       		.byte	-117
 620 024f 80       		.byte	-128
 621 0250 8C       		.byte	-116
 622 0251 08       		.byte	8
 623 0252 8F       		.byte	-113
 624 0253 01       		.byte	1
 625 0254 91       		.byte	-111
 626 0255 10       		.byte	16
 627 0256 92       		.byte	-110
ARM GAS  C:\Users\LIUX\AppData\Local\Temp\ccTaAInc.s 			page 12


 628 0257 04       		.byte	4
 629 0258 93       		.byte	-109
 630 0259 04       		.byte	4
 631 025a 94       		.byte	-108
 632 025b 04       		.byte	4
 633 025c 96       		.byte	-106
 634 025d 08       		.byte	8
 635 025e 98       		.byte	-104
 636 025f 40       		.byte	64
 637 0260 9B       		.byte	-101
 638 0261 10       		.byte	16
 639 0262 9C       		.byte	-100
 640 0263 80       		.byte	-128
 641 0264 9E       		.byte	-98
 642 0265 02       		.byte	2
 643 0266 9F       		.byte	-97
 644 0267 40       		.byte	64
 645 0268 A0       		.byte	-96
 646 0269 40       		.byte	64
 647 026a A2       		.byte	-94
 648 026b 04       		.byte	4
 649 026c A3       		.byte	-93
 650 026d 02       		.byte	2
 651 026e A4       		.byte	-92
 652 026f 08       		.byte	8
 653 0270 A7       		.byte	-89
 654 0271 88       		.byte	-120
 655 0272 C0       		.byte	-64
 656 0273 F9       		.byte	-7
 657 0274 C2       		.byte	-62
 658 0275 E7       		.byte	-25
 659 0276 C4       		.byte	-60
 660 0277 FE       		.byte	-2
 661 0278 CA       		.byte	-54
 662 0279 F1       		.byte	-15
 663 027a CC       		.byte	-52
 664 027b 7E       		.byte	126
 665 027c CE       		.byte	-50
 666 027d FA       		.byte	-6
 667 027e D0       		.byte	-48
 668 027f 51       		.byte	81
 669 0280 D2       		.byte	-46
 670 0281 20       		.byte	32
 671 0282 D6       		.byte	-42
 672 0283 F0       		.byte	-16
 673 0284 E4       		.byte	-28
 674 0285 01       		.byte	1
 675 0286 E8       		.byte	-24
 676 0287 20       		.byte	32
 677 0288 EA       		.byte	-22
 678 0289 09       		.byte	9
 679 028a 3E       		.byte	62
 680 028b 10       		.byte	16
 681 028c CE       		.byte	-50
 682 028d 20       		.byte	32
 683 028e 96       		.byte	-106
 684 028f 10       		.byte	16
ARM GAS  C:\Users\LIUX\AppData\Local\Temp\ccTaAInc.s 			page 13


 685 0290 82       		.byte	-126
 686 0291 20       		.byte	32
 687 0292 96       		.byte	-106
 688 0293 10       		.byte	16
 689 0294 E2       		.byte	-30
 690 0295 20       		.byte	32
 691 0296 12       		.byte	18
 692 0297 20       		.byte	32
 693 0298 15       		.byte	21
 694 0299 02       		.byte	2
 695 029a 72       		.byte	114
 696 029b 20       		.byte	32
 697 029c 7F       		.byte	127
 698 029d 02       		.byte	2
 699 029e 82       		.byte	-126
 700 029f 20       		.byte	32
 701 02a0 95       		.byte	-107
 702 02a1 02       		.byte	2
 703 02a2 9A       		.byte	-102
 704 02a3 20       		.byte	32
 705 02a4 A3       		.byte	-93
 706 02a5 02       		.byte	2
 707 02a6 AA       		.byte	-86
 708 02a7 10       		.byte	16
 709 02a8 AF       		.byte	-81
 710 02a9 02       		.byte	2
 711 02aa B1       		.byte	-79
 712 02ab 01       		.byte	1
 713 02ac C4       		.byte	-60
 714 02ad 30       		.byte	48
 715 02ae DC       		.byte	-36
 716 02af 80       		.byte	-128
 717 02b0 DE       		.byte	-34
 718 02b1 20       		.byte	32
 719 02b2 E4       		.byte	-28
 720 02b3 80       		.byte	-128
 721 02b4 EA       		.byte	-22
 722 02b5 90       		.byte	-112
 723 02b6 10       		.byte	16
 724 02b7 80       		.byte	-128
 725 02b8 13       		.byte	19
 726 02b9 20       		.byte	32
 727 02ba 15       		.byte	21
 728 02bb 08       		.byte	8
 729 02bc 7B       		.byte	123
 730 02bd 10       		.byte	16
 731 02be 7F       		.byte	127
 732 02bf 08       		.byte	8
 733 02c0 80       		.byte	-128
 734 02c1 80       		.byte	-128
 735 02c2 87       		.byte	-121
 736 02c3 10       		.byte	16
 737 02c4 C4       		.byte	-60
 738 02c5 0E       		.byte	14
 739 02c6 DE       		.byte	-34
 740 02c7 03       		.byte	3
 741 02c8 10       		.byte	16
ARM GAS  C:\Users\LIUX\AppData\Local\Temp\ccTaAInc.s 			page 14


 742 02c9 40       		.byte	64
 743 02ca 73       		.byte	115
 744 02cb 10       		.byte	16
 745 02cc 83       		.byte	-125
 746 02cd 10       		.byte	16
 747 02ce 88       		.byte	-120
 748 02cf 40       		.byte	64
 749 02d0 93       		.byte	-109
 750 02d1 10       		.byte	16
 751 02d2 A7       		.byte	-89
 752 02d3 10       		.byte	16
 753 02d4 AB       		.byte	-85
 754 02d5 20       		.byte	32
 755 02d6 AD       		.byte	-83
 756 02d7 04       		.byte	4
 757 02d8 B3       		.byte	-77
 758 02d9 08       		.byte	8
 759 02da C4       		.byte	-60
 760 02db 08       		.byte	8
 761 02dc DC       		.byte	-36
 762 02dd 01       		.byte	1
 763 02de E2       		.byte	-30
 764 02df 01       		.byte	1
 765 02e0 E8       		.byte	-24
 766 02e1 04       		.byte	4
 767 02e2 10       		.byte	16
 768 02e3 01       		.byte	1
 769 02e4 1C       		.byte	28
 770 02e5 01       		.byte	1
 771 02e6 03       		.byte	3
 772 02e7 C0       		.byte	-64
 773 02e8 02       		.byte	2
 774 02e9 80       		.byte	-128
 775 02ea 00       		.byte	0
 776 02eb 00       		.byte	0
 777 02ec 43       		.byte	67
 778 02ed 00       		.byte	0
 779 02ee 00       		.byte	0
 780 02ef 00       		.byte	0
 781 02f0 1F       		.byte	31
 782 02f1 10       		.byte	16
 783 02f2 20       		.byte	32
 784 02f3 00       		.byte	0
 785 02f4 1C       		.byte	28
 786 02f5 08       		.byte	8
 787 02f6 23       		.byte	35
 788 02f7 00       		.byte	0
 789 02f8 03       		.byte	3
 790 02f9 00       		.byte	0
 791 02fa 00       		.byte	0
 792 02fb E3       		.byte	-29
 793 02fc 08       		.byte	8
 794 02fd FF       		.byte	-1
 795 02fe 00       		.byte	0
 796 02ff 00       		.byte	0
 797 0300 00       		.byte	0
 798 0301 1C       		.byte	28
ARM GAS  C:\Users\LIUX\AppData\Local\Temp\ccTaAInc.s 			page 15


 799 0302 00       		.byte	0
 800 0303 E1       		.byte	-31
 801 0304 00       		.byte	0
 802 0305 18       		.byte	24
 803 0306 23       		.byte	35
 804 0307 00       		.byte	0
 805 0308 33       		.byte	51
 806 0309 3C       		.byte	60
 807 030a 0C       		.byte	12
 808 030b C2       		.byte	-62
 809 030c 3F       		.byte	63
 810 030d 80       		.byte	-128
 811 030e 00       		.byte	0
 812 030f 00       		.byte	0
 813 0310 02       		.byte	2
 814 0311 44       		.byte	68
 815 0312 00       		.byte	0
 816 0313 00       		.byte	0
 817 0314 04       		.byte	4
 818 0315 00       		.byte	0
 819 0316 00       		.byte	0
 820 0317 04       		.byte	4
 821 0318 0C       		.byte	12
 822 0319 C0       		.byte	-64
 823 031a 00       		.byte	0
 824 031b 00       		.byte	0
 825 031c 01       		.byte	1
 826 031d E7       		.byte	-25
 827 031e 00       		.byte	0
 828 031f 18       		.byte	24
 829 0320 2C       		.byte	44
 830 0321 00       		.byte	0
 831 0322 10       		.byte	16
 832 0323 1F       		.byte	31
 833 0324 0F       		.byte	15
 834 0325 38       		.byte	56
 835 0326 00       		.byte	0
 836 0327 C0       		.byte	-64
 837 0328 00       		.byte	0
 838 0329 00       		.byte	0
 839 032a A2       		.byte	-94
 840 032b 08       		.byte	8
 841 032c 00       		.byte	0
 842 032d 00       		.byte	0
 843 032e 04       		.byte	4
 844 032f 00       		.byte	0
 845 0330 26       		.byte	38
 846 0331 04       		.byte	4
 847 0332 05       		.byte	5
 848 0333 00       		.byte	0
 849 0334 01       		.byte	1
 850 0335 C0       		.byte	-64
 851 0336 0E       		.byte	14
 852 0337 00       		.byte	0
 853 0338 06       		.byte	6
 854 0339 FF       		.byte	-1
 855 033a FF       		.byte	-1
ARM GAS  C:\Users\LIUX\AppData\Local\Temp\ccTaAInc.s 			page 16


 856 033b FF       		.byte	-1
 857 033c 62       		.byte	98
 858 033d A0       		.byte	-96
 859 033e F0       		.byte	-16
 860 033f 41       		.byte	65
 861 0340 0C       		.byte	12
 862 0341 00       		.byte	0
 863 0342 00       		.byte	0
 864 0343 00       		.byte	0
 865 0344 00       		.byte	0
 866 0345 00       		.byte	0
 867 0346 02       		.byte	2
 868 0347 11       		.byte	17
 869 0348 04       		.byte	4
 870 0349 04       		.byte	4
 871 034a 04       		.byte	4
 872 034b 04       		.byte	4
 873 034c 00       		.byte	0
 874 034d 00       		.byte	0
 875 034e 00       		.byte	0
 876 034f 01       		.byte	1
 877 0350 00       		.byte	0
 878 0351 00       		.byte	0
 879 0352 00       		.byte	0
 880 0353 00       		.byte	0
 881 0354 00       		.byte	0
 882 0355 00       		.byte	0
 883 0356 40       		.byte	64
 884 0357 02       		.byte	2
 885 0358 00       		.byte	0
 886 0359 10       		.byte	16
 887 035a 30       		.byte	48
 888 035b 10       		.byte	16
 889 035c 00       		.byte	0
 890 035d 10       		.byte	16
 891 035e 10       		.byte	16
 892 035f 12       		.byte	18
 893 0360 00       		.byte	0
 894 0361 00       		.byte	0
 895 0362 00       		.byte	0
 896 0363 00       		.byte	0
 897 0364 00       		.byte	0
 898 0365 00       		.byte	0
 899 0366 00       		.byte	0
 900 0367 00       		.byte	0
 901 0368 00       		.byte	0
 902 0369 00       		.byte	0
 903 036a 00       		.byte	0
 904 036b 00       		.byte	0
 905 036c 00       		.byte	0
 906 036d 00       		.byte	0
 907 036e 00       		.byte	0
 908 036f 00       		.byte	0
 909 0370 83       		.byte	-125
 910 0371 00       		.byte	0
 911 0372 40       		.byte	64
 912 0373 80       		.byte	-128
ARM GAS  C:\Users\LIUX\AppData\Local\Temp\ccTaAInc.s 			page 17


 913 0374 83       		.byte	-125
 914 0375 00       		.byte	0
 915 0376 83       		.byte	-125
 916 0377 00       		.byte	0
 917 0378 00       		.byte	0
 918 0379 00       		.byte	0
 919 037a 00       		.byte	0
 920 037b 00       		.byte	0
 921 037c 00       		.byte	0
 922 037d 0B       		.byte	11
 923 037e 0B       		.byte	11
 924 037f 00       		.byte	0
 925 0380 00       		.byte	0
 926 0381 00       		.byte	0
 927 0382 00       		.byte	0
 928 0383 00       		.byte	0
 929              		.section	.cywolatch,"a",%progbits
 930              		.align	2
 931              		.type	cy_meta_wonvl, %object
 932              		.size	cy_meta_wonvl, 4
 933              	cy_meta_wonvl:
 934 0000 BC       		.byte	-68
 935 0001 90       		.byte	-112
 936 0002 AC       		.byte	-84
 937 0003 AF       		.byte	-81
 938              		.section	.cycustnvl,"a",%progbits
 939              		.align	2
 940              		.type	cy_meta_custnvl, %object
 941              		.size	cy_meta_custnvl, 4
 942              	cy_meta_custnvl:
 943 0000 00       		.byte	0
 944 0001 00       		.byte	0
 945 0002 40       		.byte	64
 946 0003 05       		.byte	5
 947              		.section	.cymeta,"a",%progbits
 948              		.align	2
 949              		.type	cy_metadata, %object
 950              		.size	cy_metadata, 12
 951              	cy_metadata:
 952 0000 00       		.byte	0
 953 0001 01       		.byte	1
 954 0002 2E       		.byte	46
 955 0003 16       		.byte	22
 956 0004 10       		.byte	16
 957 0005 69       		.byte	105
 958 0006 00       		.byte	0
 959 0007 01       		.byte	1
 960 0008 00       		.byte	0
 961 0009 00       		.byte	0
 962 000a 00       		.byte	0
 963 000b 00       		.byte	0
 964              		.section	.cyflashprotect,"a",%progbits
 965              		.align	2
 966              		.type	cy_meta_flashprotect, %object
 967              		.size	cy_meta_flashprotect, 256
 968              	cy_meta_flashprotect:
 969 0000 00000000 		.space	256
ARM GAS  C:\Users\LIUX\AppData\Local\Temp\ccTaAInc.s 			page 18


 969      00000000 
 969      00000000 
 969      00000000 
 969      00000000 
 970              		.text
 971              	.Letext0:
 972              		.file 1 "c:\\program files\\cypress\\psoc creator\\4.3\\psoc creator\\import\\gnu\\arm\\5.4.1\\arm
 973              		.file 2 "c:\\program files\\cypress\\psoc creator\\4.3\\psoc creator\\import\\gnu\\arm\\5.4.1\\arm
 974              		.file 3 "Generated_Source\\PSoC5\\cymetadata.c"
 975              		.section	.debug_info,"",%progbits
 976              	.Ldebug_info0:
 977 0000 31010000 		.4byte	0x131
 978 0004 0400     		.2byte	0x4
 979 0006 00000000 		.4byte	.Ldebug_abbrev0
 980 000a 04       		.byte	0x4
 981 000b 01       		.uleb128 0x1
 982 000c 72000000 		.4byte	.LASF17
 983 0010 0C       		.byte	0xc
 984 0011 CC010000 		.4byte	.LASF18
 985 0015 0A000000 		.4byte	.LASF19
 986 0019 00000000 		.4byte	.Ldebug_line0
 987 001d 02       		.uleb128 0x2
 988 001e 01       		.byte	0x1
 989 001f 06       		.byte	0x6
 990 0020 C0010000 		.4byte	.LASF0
 991 0024 03       		.uleb128 0x3
 992 0025 00000000 		.4byte	.LASF9
 993 0029 01       		.byte	0x1
 994 002a 1D       		.byte	0x1d
 995 002b 2F000000 		.4byte	0x2f
 996 002f 02       		.uleb128 0x2
 997 0030 01       		.byte	0x1
 998 0031 08       		.byte	0x8
 999 0032 64000000 		.4byte	.LASF1
 1000 0036 02       		.uleb128 0x2
 1001 0037 02       		.byte	0x2
 1002 0038 05       		.byte	0x5
 1003 0039 AD010000 		.4byte	.LASF2
 1004 003d 02       		.uleb128 0x2
 1005 003e 02       		.byte	0x2
 1006 003f 07       		.byte	0x7
 1007 0040 12010000 		.4byte	.LASF3
 1008 0044 02       		.uleb128 0x2
 1009 0045 04       		.byte	0x4
 1010 0046 05       		.byte	0x5
 1011 0047 B7010000 		.4byte	.LASF4
 1012 004b 02       		.uleb128 0x2
 1013 004c 04       		.byte	0x4
 1014 004d 07       		.byte	0x7
 1015 004e 00010000 		.4byte	.LASF5
 1016 0052 02       		.uleb128 0x2
 1017 0053 08       		.byte	0x8
 1018 0054 05       		.byte	0x5
 1019 0055 9F010000 		.4byte	.LASF6
 1020 0059 02       		.uleb128 0x2
 1021 005a 08       		.byte	0x8
 1022 005b 07       		.byte	0x7
ARM GAS  C:\Users\LIUX\AppData\Local\Temp\ccTaAInc.s 			page 19


 1023 005c 54010000 		.4byte	.LASF7
 1024 0060 04       		.uleb128 0x4
 1025 0061 04       		.byte	0x4
 1026 0062 05       		.byte	0x5
 1027 0063 696E7400 		.ascii	"int\000"
 1028 0067 02       		.uleb128 0x2
 1029 0068 04       		.byte	0x4
 1030 0069 07       		.byte	0x7
 1031 006a 47010000 		.4byte	.LASF8
 1032 006e 03       		.uleb128 0x3
 1033 006f 6B010000 		.4byte	.LASF10
 1034 0073 02       		.byte	0x2
 1035 0074 18       		.byte	0x18
 1036 0075 24000000 		.4byte	0x24
 1037 0079 05       		.uleb128 0x5
 1038 007a 91000000 		.4byte	0x91
 1039 007e 8A000000 		.4byte	0x8a
 1040 0082 06       		.uleb128 0x6
 1041 0083 8A000000 		.4byte	0x8a
 1042 0087 8303     		.2byte	0x383
 1043 0089 00       		.byte	0
 1044 008a 02       		.uleb128 0x2
 1045 008b 04       		.byte	0x4
 1046 008c 07       		.byte	0x7
 1047 008d 96010000 		.4byte	.LASF11
 1048 0091 07       		.uleb128 0x7
 1049 0092 6E000000 		.4byte	0x6e
 1050 0096 08       		.uleb128 0x8
 1051 0097 35010000 		.4byte	.LASF12
 1052 009b 03       		.byte	0x3
 1053 009c 1F       		.byte	0x1f
 1054 009d A7000000 		.4byte	0xa7
 1055 00a1 05       		.uleb128 0x5
 1056 00a2 03       		.byte	0x3
 1057 00a3 00000000 		.4byte	cy_meta_configecc
 1058 00a7 07       		.uleb128 0x7
 1059 00a8 79000000 		.4byte	0x79
 1060 00ac 05       		.uleb128 0x5
 1061 00ad 91000000 		.4byte	0x91
 1062 00b1 BC000000 		.4byte	0xbc
 1063 00b5 09       		.uleb128 0x9
 1064 00b6 8A000000 		.4byte	0x8a
 1065 00ba 03       		.byte	0x3
 1066 00bb 00       		.byte	0
 1067 00bc 08       		.uleb128 0x8
 1068 00bd 25010000 		.4byte	.LASF13
 1069 00c1 03       		.byte	0x3
 1070 00c2 9D       		.byte	0x9d
 1071 00c3 CD000000 		.4byte	0xcd
 1072 00c7 05       		.uleb128 0x5
 1073 00c8 03       		.byte	0x3
 1074 00c9 00000000 		.4byte	cy_meta_custnvl
 1075 00cd 07       		.uleb128 0x7
 1076 00ce AC000000 		.4byte	0xac
 1077 00d2 08       		.uleb128 0x8
 1078 00d3 88010000 		.4byte	.LASF14
 1079 00d7 03       		.byte	0x3
ARM GAS  C:\Users\LIUX\AppData\Local\Temp\ccTaAInc.s 			page 20


 1080 00d8 AB       		.byte	0xab
 1081 00d9 E3000000 		.4byte	0xe3
 1082 00dd 05       		.uleb128 0x5
 1083 00de 03       		.byte	0x3
 1084 00df 00000000 		.4byte	cy_meta_wonvl
 1085 00e3 07       		.uleb128 0x7
 1086 00e4 AC000000 		.4byte	0xac
 1087 00e8 05       		.uleb128 0x5
 1088 00e9 91000000 		.4byte	0x91
 1089 00ed F8000000 		.4byte	0xf8
 1090 00f1 09       		.uleb128 0x9
 1091 00f2 8A000000 		.4byte	0x8a
 1092 00f6 FF       		.byte	0xff
 1093 00f7 00       		.byte	0
 1094 00f8 08       		.uleb128 0x8
 1095 00f9 73010000 		.4byte	.LASF15
 1096 00fd 03       		.byte	0x3
 1097 00fe B9       		.byte	0xb9
 1098 00ff 09010000 		.4byte	0x109
 1099 0103 05       		.uleb128 0x5
 1100 0104 03       		.byte	0x3
 1101 0105 00000000 		.4byte	cy_meta_flashprotect
 1102 0109 07       		.uleb128 0x7
 1103 010a E8000000 		.4byte	0xe8
 1104 010e 05       		.uleb128 0x5
 1105 010f 91000000 		.4byte	0x91
 1106 0113 1E010000 		.4byte	0x11e
 1107 0117 09       		.uleb128 0x9
 1108 0118 8A000000 		.4byte	0x8a
 1109 011c 0B       		.byte	0xb
 1110 011d 00       		.byte	0
 1111 011e 08       		.uleb128 0x8
 1112 011f 58000000 		.4byte	.LASF16
 1113 0123 03       		.byte	0x3
 1114 0124 E6       		.byte	0xe6
 1115 0125 2F010000 		.4byte	0x12f
 1116 0129 05       		.uleb128 0x5
 1117 012a 03       		.byte	0x3
 1118 012b 00000000 		.4byte	cy_metadata
 1119 012f 07       		.uleb128 0x7
 1120 0130 0E010000 		.4byte	0x10e
 1121 0134 00       		.byte	0
 1122              		.section	.debug_abbrev,"",%progbits
 1123              	.Ldebug_abbrev0:
 1124 0000 01       		.uleb128 0x1
 1125 0001 11       		.uleb128 0x11
 1126 0002 01       		.byte	0x1
 1127 0003 25       		.uleb128 0x25
 1128 0004 0E       		.uleb128 0xe
 1129 0005 13       		.uleb128 0x13
 1130 0006 0B       		.uleb128 0xb
 1131 0007 03       		.uleb128 0x3
 1132 0008 0E       		.uleb128 0xe
 1133 0009 1B       		.uleb128 0x1b
 1134 000a 0E       		.uleb128 0xe
 1135 000b 10       		.uleb128 0x10
 1136 000c 17       		.uleb128 0x17
ARM GAS  C:\Users\LIUX\AppData\Local\Temp\ccTaAInc.s 			page 21


 1137 000d 00       		.byte	0
 1138 000e 00       		.byte	0
 1139 000f 02       		.uleb128 0x2
 1140 0010 24       		.uleb128 0x24
 1141 0011 00       		.byte	0
 1142 0012 0B       		.uleb128 0xb
 1143 0013 0B       		.uleb128 0xb
 1144 0014 3E       		.uleb128 0x3e
 1145 0015 0B       		.uleb128 0xb
 1146 0016 03       		.uleb128 0x3
 1147 0017 0E       		.uleb128 0xe
 1148 0018 00       		.byte	0
 1149 0019 00       		.byte	0
 1150 001a 03       		.uleb128 0x3
 1151 001b 16       		.uleb128 0x16
 1152 001c 00       		.byte	0
 1153 001d 03       		.uleb128 0x3
 1154 001e 0E       		.uleb128 0xe
 1155 001f 3A       		.uleb128 0x3a
 1156 0020 0B       		.uleb128 0xb
 1157 0021 3B       		.uleb128 0x3b
 1158 0022 0B       		.uleb128 0xb
 1159 0023 49       		.uleb128 0x49
 1160 0024 13       		.uleb128 0x13
 1161 0025 00       		.byte	0
 1162 0026 00       		.byte	0
 1163 0027 04       		.uleb128 0x4
 1164 0028 24       		.uleb128 0x24
 1165 0029 00       		.byte	0
 1166 002a 0B       		.uleb128 0xb
 1167 002b 0B       		.uleb128 0xb
 1168 002c 3E       		.uleb128 0x3e
 1169 002d 0B       		.uleb128 0xb
 1170 002e 03       		.uleb128 0x3
 1171 002f 08       		.uleb128 0x8
 1172 0030 00       		.byte	0
 1173 0031 00       		.byte	0
 1174 0032 05       		.uleb128 0x5
 1175 0033 01       		.uleb128 0x1
 1176 0034 01       		.byte	0x1
 1177 0035 49       		.uleb128 0x49
 1178 0036 13       		.uleb128 0x13
 1179 0037 01       		.uleb128 0x1
 1180 0038 13       		.uleb128 0x13
 1181 0039 00       		.byte	0
 1182 003a 00       		.byte	0
 1183 003b 06       		.uleb128 0x6
 1184 003c 21       		.uleb128 0x21
 1185 003d 00       		.byte	0
 1186 003e 49       		.uleb128 0x49
 1187 003f 13       		.uleb128 0x13
 1188 0040 2F       		.uleb128 0x2f
 1189 0041 05       		.uleb128 0x5
 1190 0042 00       		.byte	0
 1191 0043 00       		.byte	0
 1192 0044 07       		.uleb128 0x7
 1193 0045 26       		.uleb128 0x26
ARM GAS  C:\Users\LIUX\AppData\Local\Temp\ccTaAInc.s 			page 22


 1194 0046 00       		.byte	0
 1195 0047 49       		.uleb128 0x49
 1196 0048 13       		.uleb128 0x13
 1197 0049 00       		.byte	0
 1198 004a 00       		.byte	0
 1199 004b 08       		.uleb128 0x8
 1200 004c 34       		.uleb128 0x34
 1201 004d 00       		.byte	0
 1202 004e 03       		.uleb128 0x3
 1203 004f 0E       		.uleb128 0xe
 1204 0050 3A       		.uleb128 0x3a
 1205 0051 0B       		.uleb128 0xb
 1206 0052 3B       		.uleb128 0x3b
 1207 0053 0B       		.uleb128 0xb
 1208 0054 49       		.uleb128 0x49
 1209 0055 13       		.uleb128 0x13
 1210 0056 3F       		.uleb128 0x3f
 1211 0057 19       		.uleb128 0x19
 1212 0058 02       		.uleb128 0x2
 1213 0059 18       		.uleb128 0x18
 1214 005a 00       		.byte	0
 1215 005b 00       		.byte	0
 1216 005c 09       		.uleb128 0x9
 1217 005d 21       		.uleb128 0x21
 1218 005e 00       		.byte	0
 1219 005f 49       		.uleb128 0x49
 1220 0060 13       		.uleb128 0x13
 1221 0061 2F       		.uleb128 0x2f
 1222 0062 0B       		.uleb128 0xb
 1223 0063 00       		.byte	0
 1224 0064 00       		.byte	0
 1225 0065 00       		.byte	0
 1226              		.section	.debug_aranges,"",%progbits
 1227 0000 14000000 		.4byte	0x14
 1228 0004 0200     		.2byte	0x2
 1229 0006 00000000 		.4byte	.Ldebug_info0
 1230 000a 04       		.byte	0x4
 1231 000b 00       		.byte	0
 1232 000c 0000     		.2byte	0
 1233 000e 0000     		.2byte	0
 1234 0010 00000000 		.4byte	0
 1235 0014 00000000 		.4byte	0
 1236              		.section	.debug_line,"",%progbits
 1237              	.Ldebug_line0:
 1238 0000 31010000 		.section	.debug_str,"MS",%progbits,1
 1238      02002B01 
 1238      00000201 
 1238      FB0E0D00 
 1238      01010101 
 1239              	.LASF9:
 1240 0000 5F5F7569 		.ascii	"__uint8_t\000"
 1240      6E74385F 
 1240      7400
 1241              	.LASF19:
 1242 000a 433A5C55 		.ascii	"C:\\Users\\LIUX\\Documents\\PSoC Creator\\PSoC_03_o"
 1242      73657273 
 1242      5C4C4955 
ARM GAS  C:\Users\LIUX\AppData\Local\Temp\ccTaAInc.s 			page 23


 1242      585C446F 
 1242      63756D65 
 1243 0038 6C645C41 		.ascii	"ld\\AY1920_II_HW_05_PROJ_2.cydsn\000"
 1243      59313932 
 1243      305F4949 
 1243      5F48575F 
 1243      30355F50 
 1244              	.LASF16:
 1245 0058 63795F6D 		.ascii	"cy_metadata\000"
 1245      65746164 
 1245      61746100 
 1246              	.LASF1:
 1247 0064 756E7369 		.ascii	"unsigned char\000"
 1247      676E6564 
 1247      20636861 
 1247      7200
 1248              	.LASF17:
 1249 0072 474E5520 		.ascii	"GNU C11 5.4.1 20160609 (release) [ARM/embedded-5-br"
 1249      43313120 
 1249      352E342E 
 1249      31203230 
 1249      31363036 
 1250 00a5 616E6368 		.ascii	"anch revision 237715] -mcpu=cortex-m3 -mthumb -g -O"
 1250      20726576 
 1250      6973696F 
 1250      6E203233 
 1250      37373135 
 1251 00d8 67202D66 		.ascii	"g -ffunction-sections -ffat-lto-objects\000"
 1251      66756E63 
 1251      74696F6E 
 1251      2D736563 
 1251      74696F6E 
 1252              	.LASF5:
 1253 0100 6C6F6E67 		.ascii	"long unsigned int\000"
 1253      20756E73 
 1253      69676E65 
 1253      6420696E 
 1253      7400
 1254              	.LASF3:
 1255 0112 73686F72 		.ascii	"short unsigned int\000"
 1255      7420756E 
 1255      7369676E 
 1255      65642069 
 1255      6E7400
 1256              	.LASF13:
 1257 0125 63795F6D 		.ascii	"cy_meta_custnvl\000"
 1257      6574615F 
 1257      63757374 
 1257      6E766C00 
 1258              	.LASF12:
 1259 0135 63795F6D 		.ascii	"cy_meta_configecc\000"
 1259      6574615F 
 1259      636F6E66 
 1259      69676563 
 1259      6300
 1260              	.LASF8:
 1261 0147 756E7369 		.ascii	"unsigned int\000"
ARM GAS  C:\Users\LIUX\AppData\Local\Temp\ccTaAInc.s 			page 24


 1261      676E6564 
 1261      20696E74 
 1261      00
 1262              	.LASF7:
 1263 0154 6C6F6E67 		.ascii	"long long unsigned int\000"
 1263      206C6F6E 
 1263      6720756E 
 1263      7369676E 
 1263      65642069 
 1264              	.LASF10:
 1265 016b 75696E74 		.ascii	"uint8_t\000"
 1265      385F7400 
 1266              	.LASF15:
 1267 0173 63795F6D 		.ascii	"cy_meta_flashprotect\000"
 1267      6574615F 
 1267      666C6173 
 1267      6870726F 
 1267      74656374 
 1268              	.LASF14:
 1269 0188 63795F6D 		.ascii	"cy_meta_wonvl\000"
 1269      6574615F 
 1269      776F6E76 
 1269      6C00
 1270              	.LASF11:
 1271 0196 73697A65 		.ascii	"sizetype\000"
 1271      74797065 
 1271      00
 1272              	.LASF6:
 1273 019f 6C6F6E67 		.ascii	"long long int\000"
 1273      206C6F6E 
 1273      6720696E 
 1273      7400
 1274              	.LASF2:
 1275 01ad 73686F72 		.ascii	"short int\000"
 1275      7420696E 
 1275      7400
 1276              	.LASF4:
 1277 01b7 6C6F6E67 		.ascii	"long int\000"
 1277      20696E74 
 1277      00
 1278              	.LASF0:
 1279 01c0 7369676E 		.ascii	"signed char\000"
 1279      65642063 
 1279      68617200 
 1280              	.LASF18:
 1281 01cc 47656E65 		.ascii	"Generated_Source\\PSoC5\\cymetadata.c\000"
 1281      72617465 
 1281      645F536F 
 1281      75726365 
 1281      5C50536F 
 1282              		.ident	"GCC: (GNU Tools for ARM Embedded Processors) 5.4.1 20160609 (release) [ARM/embedded-5-bran
